
Bookモデルのテスト
  バリデーションのテスト
    titleカラム
[32m      空欄でないこと[0m
    bodyカラム
[32m      空欄でないこと[0m
[32m      200文字以下であること: 200文字は〇[0m
[32m      200文字以下であること: 201文字は×[0m
  アソシエーションのテスト
    Userモデルとの関係
[32m      N:1となっている[0m

Userモデルのテスト
  バリデーションのテスト
    nameカラム
[32m      空欄でないこと[0m
[32m      2文字以上であること: 1文字は×[0m
[32m      2文字以上であること: 2文字は〇[0m
[32m      20文字以下であること: 20文字は〇[0m
[32m      20文字以下であること: 21文字は×[0m
[32m      一意性があること[0m
    introductionカラム
[32m      50文字以下であること: 50文字は〇[0m
[32m      50文字以下であること: 51文字は×[0m
  アソシエーションのテスト
    Bookモデルとの関係
[32m      1:Nとなっている[0m

[STEP1] ユーザログイン前のテスト
  トップ画面のテスト
    表示内容の確認
[32m      URLが正しい[0m
[32m      Log inリンクが表示される: 青色のボタンの表示が「Log in」である[0m
[32m      Log inリンクの内容が正しい[0m
[32m      Sign upリンクが表示される: 緑色のボタンの表示が「Sign up」である[0m
[32m      Sign upリンクの内容が正しい[0m
  アバウト画面のテスト
    表示内容の確認
[32m      URLが正しい[0m
  ヘッダーのテスト: ログインしていない場合
    表示内容の確認
[32m      Bookersリンクが表示される: 左上から1番目のリンクが「Bookers」である[0m
[32m      Homeリンクが表示される: 左上から2番目のリンクが「Home」である[0m
[32m      Aboutリンクが表示される: 左上から3番目のリンクが「About」である[0m
[32m      Sign upリンクが表示される: 左上から4番目のリンクが「Sign up」である[0m
[32m      Log inリンクが表示される: 左上から5番目のリンクが「Log in」である[0m
    リンクの内容を確認
[32m      Bookersを押すと、トップ画面に遷移する[0m
[32m      Homeを押すと、トップ画面に遷移する[0m
[32m      Aboutを押すと、アバウト画面に遷移する[0m
[32m      Sign upを押すと、新規登録画面に遷移する[0m
[32m      Log inを押すと、ログイン画面に遷移する[0m
  ユーザ新規登録のテスト
    表示内容の確認
[32m      URLが正しい[0m
[32m      「Sign up」と表示される[0m
[32m      nameフォームが表示される[0m
[32m      emailフォームが表示される[0m
[32m      passwordフォームが表示される[0m
[32m      password_confirmationフォームが表示される[0m
[32m      Sign upボタンが表示される[0m
    新規登録成功のテスト
[32m      正しく新規登録される[0m
[32m      新規登録後のリダイレクト先が、新規登録できたユーザの詳細画面になっている[0m
  ユーザログイン
    表示内容の確認
[32m      URLが正しい[0m
[32m      「Log in」と表示される[0m
[32m      nameフォームが表示される[0m
[32m      passwordフォームが表示される[0m
[32m      Log inボタンが表示される[0m
[32m      emailフォームは表示されない[0m
    ログイン成功のテスト
[31m      ログイン後のリダイレクト先が、ログインしたユーザの詳細画面になっている (FAILED - 1)[0m
    ログイン失敗のテスト
[32m      ログインに失敗し、ログイン画面にリダイレクトされる[0m
  ヘッダーのテスト: ログインしている場合
    ヘッダーの表示を確認
[32m      Bookersリンクが表示される: 左上から1番目のリンクが「Bookers」である[0m
[32m      Homeリンクが表示される: 左上から2番目のリンクが「Home」である[0m
[31m      Usersリンクが表示される: 左上から3番目のリンクが「Users」である (FAILED - 2)[0m
[31m      Booksリンクが表示される: 左上から4番目のリンクが「Books」である (FAILED - 3)[0m
[31m      Log outリンクが表示される: 左上から5番目のリンクが「Log out」である (FAILED - 4)[0m
  ユーザログアウトのテスト
    ログアウト機能のテスト
[32m      正しくログアウトできている: ログアウト後のリダイレクト先においてAbout画面へのリンクが存在する[0m
[31m      ログアウト後のリダイレクト先が、トップになっている (FAILED - 5)[0m

[STEP2] ユーザログイン後のテスト
  ヘッダーのテスト: ログインしている場合
    リンクの内容を確認: ※logoutは『ユーザログアウトのテスト』でテスト済みになります。
[31m      Homeを押すと、自分のユーザ詳細画面に遷移する (FAILED - 6)[0m
[31m      Usersを押すと、ユーザ一覧画面に遷移する (FAILED - 7)[0m
[31m      Booksを押すと、投稿一覧画面に遷移する (FAILED - 8)[0m
  投稿一覧画面のテスト
    表示内容の確認
[31m      URLが正しい (FAILED - 9)[0m
[31m      自分と他人の画像のリンク先が正しい (FAILED - 10)[0m
[31m      自分の投稿と他人の投稿のタイトルのリンク先がそれぞれ正しい (FAILED - 11)[0m
[31m      自分の投稿と他人の投稿のオピニオンが表示される (FAILED - 12)[0m
    サイドバーの確認
[31m      自分の名前と紹介文が表示される (FAILED - 13)[0m
[31m      自分のユーザ編集画面へのリンクが存在する (FAILED - 14)[0m
[31m      「New book」と表示される (FAILED - 15)[0m
[31m      titleフォームが表示される (FAILED - 16)[0m
[31m      titleフォームに値が入っていない (FAILED - 17)[0m
[31m      opinionフォームが表示される (FAILED - 18)[0m
[31m      opinionフォームに値が入っていない (FAILED - 19)[0m
[31m      Create Bookボタンが表示される (FAILED - 20)[0m
    投稿成功のテスト
[31m      自分の新しい投稿が正しく保存される (FAILED - 21)[0m
[31m      リダイレクト先が、保存できた投稿の詳細画面になっている (FAILED - 22)[0m
  自分の投稿詳細画面のテスト
    表示内容の確認
[32m      URLが正しい[0m
[32m      「Book detail」と表示される[0m
[32m      ユーザ画像・名前のリンク先が正しい[0m
[32m      投稿のtitleが表示される[0m
[32m      投稿のopinionが表示される[0m
[31m      投稿の編集リンクが表示される (FAILED - 23)[0m
[31m      投稿の削除リンクが表示される (FAILED - 24)[0m
    サイドバーの確認
[32m      自分の名前と紹介文が表示される[0m
[32m      自分のユーザ編集画面へのリンクが存在する[0m
[32m      「New book」と表示される[0m
[32m      titleフォームが表示される[0m
[32m      titleフォームに値が入っていない[0m
[32m      opinionフォームが表示される[0m
[32m      opinionフォームに値が入っていない[0m
[32m      Create Bookボタンが表示される[0m
    投稿成功のテスト
[31m      自分の新しい投稿が正しく保存される (FAILED - 25)[0m
    編集リンクのテスト
[31m      編集画面に遷移する (FAILED - 26)[0m
    削除リンクのテスト
[31m      application.html.erbにjavascript_pack_tagを含んでいる (FAILED - 27)[0m
[31m      正しく削除される (FAILED - 28)[0m
[31m      リダイレクト先が、投稿一覧画面になっている (FAILED - 29)[0m
  自分の投稿編集画面のテスト
    表示の確認
[31m      URLが正しい (FAILED - 30)[0m
[31m      「Editing Book」と表示される (FAILED - 31)[0m
[31m      title編集フォームが表示される (FAILED - 32)[0m
[31m      opinion編集フォームが表示される (FAILED - 33)[0m
[31m      Update Bookボタンが表示される (FAILED - 34)[0m
[31m      Showリンクが表示される (FAILED - 35)[0m
[31m      Backリンクが表示される (FAILED - 36)[0m
    編集成功のテスト
[31m      titleが正しく更新される (FAILED - 37)[0m
[31m      bodyが正しく更新される (FAILED - 38)[0m
[31m      リダイレクト先が、更新した投稿の詳細画面になっている (FAILED - 39)[0m
  ユーザ一覧画面のテスト
    表示内容の確認
[31m      URLが正しい (FAILED - 40)[0m
[31m      自分と他人の画像が表示される: fallbackの画像がサイドバーの1つ＋一覧(2人)の2つの計3つ存在する (FAILED - 41)[0m
[31m      自分と他人の名前がそれぞれ表示される (FAILED - 42)[0m
[31m      自分と他人のshowリンクがそれぞれ表示される (FAILED - 43)[0m
    サイドバーの確認
[31m      自分の名前と紹介文が表示される (FAILED - 44)[0m
[31m      自分のユーザ編集画面へのリンクが存在する (FAILED - 45)[0m
[31m      「New book」と表示される (FAILED - 46)[0m
[31m      titleフォームが表示される (FAILED - 47)[0m
[31m      titleフォームに値が入っていない (FAILED - 48)[0m
[31m      opinionフォームが表示される (FAILED - 49)[0m
[31m      opinionフォームに値が入っていない (FAILED - 50)[0m
[31m      Create Bookボタンが表示される (FAILED - 51)[0m
  自分のユーザ詳細画面のテスト
    表示の確認
[32m      URLが正しい[0m
[32m      投稿一覧のユーザ画像のリンク先が正しい[0m
[32m      投稿一覧に自分の投稿のtitleが表示され、リンクが正しい[0m
[32m      投稿一覧に自分の投稿のopinionが表示される[0m
[32m      他人の投稿は表示されない[0m
    サイドバーの確認
[32m      自分の名前と紹介文が表示される[0m
[32m      自分のユーザ編集画面へのリンクが存在する[0m
[32m      「New book」と表示される[0m
[32m      titleフォームが表示される[0m
[32m      titleフォームに値が入っていない[0m
[32m      opinionフォームが表示される[0m
[32m      opinionフォームに値が入っていない[0m
[32m      Create Bookボタンが表示される[0m
  自分のユーザ情報編集画面のテスト
    表示の確認
[31m      URLが正しい (FAILED - 52)[0m
[31m      名前編集フォームに自分の名前が表示される (FAILED - 53)[0m
[31m      画像編集フォームが表示される (FAILED - 54)[0m
[31m      自己紹介編集フォームに自分の自己紹介文が表示される (FAILED - 55)[0m
[31m      Update Userボタンが表示される (FAILED - 56)[0m
    更新成功のテスト
[31m      nameが正しく更新される (FAILED - 57)[0m
[31m      introductionが正しく更新される (FAILED - 58)[0m
[31m      リダイレクト先が、自分のユーザ詳細画面になっている (FAILED - 59)[0m

[STEP3] 仕上げのテスト
  サクセスメッセージのテスト
[31m    ユーザ新規登録成功時 (FAILED - 60)[0m
[31m    ユーザログイン成功時 (FAILED - 61)[0m
[31m    ユーザログアウト成功時 (FAILED - 62)[0m
[31m    ユーザのプロフィール情報更新成功時 (FAILED - 63)[0m
[31m    投稿データの新規投稿成功時: 投稿一覧画面から行います。 (FAILED - 64)[0m
[31m    投稿データの更新成功時 (FAILED - 65)[0m
  処理失敗時のテスト
    ユーザ新規登録失敗: nameを1文字にする
[32m      新規登録されない[0m
[32m      新規登録画面を表示しており、フォームの内容が正しい[0m
[32m      バリデーションエラーが表示される[0m
    ユーザのプロフィール情報編集失敗: nameを1文字にする
[31m      更新されない (FAILED - 66)[0m
[31m      ユーザ編集画面を表示しており、フォームの内容が正しい (FAILED - 67)[0m
[31m      バリデーションエラーが表示される (FAILED - 68)[0m
    投稿データの新規投稿失敗: 投稿一覧画面から行い、titleを空にする
[31m      投稿が保存されない (FAILED - 69)[0m
[31m      投稿一覧画面を表示している (FAILED - 70)[0m
[31m      新規投稿フォームの内容が正しい (FAILED - 71)[0m
[31m      バリデーションエラーが表示される (FAILED - 72)[0m
    投稿データの更新失敗: titleを空にする
[31m      投稿が更新されない (FAILED - 73)[0m
[31m      投稿編集画面を表示しており、フォームの内容が正しい (FAILED - 74)[0m
[31m      エラーメッセージが表示される (FAILED - 75)[0m
  ログインしていない場合のアクセス制限のテスト: アクセスできず、ログイン画面に遷移する
[31m    ユーザ一覧画面 (FAILED - 76)[0m
[31m    ユーザ詳細画面 (FAILED - 77)[0m
[31m    ユーザ情報編集画面 (FAILED - 78)[0m
[31m    投稿一覧画面 (FAILED - 79)[0m
[31m    投稿詳細画面 (FAILED - 80)[0m
[31m    投稿編集画面 (FAILED - 81)[0m
  他人の画面のテスト
    他人の投稿詳細画面のテスト
      表示内容の確認
[32m        URLが正しい[0m
[32m        「Book detail」と表示される[0m
[32m        ユーザ画像・名前のリンク先が正しい[0m
[32m        投稿のtitleが表示される[0m
[32m        投稿のopinionが表示される[0m
[32m        投稿の編集リンクが表示されない[0m
[32m        投稿の削除リンクが表示されない[0m
      サイドバーの確認
[32m        他人の名前と紹介文が表示される[0m
[32m        他人のユーザ編集画面へのリンクが存在する[0m
[32m        自分の名前と紹介文は表示されない[0m
[32m        自分のユーザ編集画面へのリンクは存在しない[0m
    他人の投稿編集画面
[31m      遷移できず、投稿一覧画面にリダイレクトされる (FAILED - 82)[0m
    他人のユーザ詳細画面のテスト
      表示の確認
[32m        URLが正しい[0m
[32m        投稿一覧のユーザ画像のリンク先が正しい[0m
[32m        投稿一覧に他人の投稿のtitleが表示され、リンクが正しい[0m
[32m        投稿一覧に他人の投稿のopinionが表示される[0m
[32m        自分の投稿は表示されない[0m
      サイドバーの確認
[32m        他人の名前と紹介文が表示される[0m
[32m        他人のユーザ編集画面へのリンクが存在する[0m
[32m        自分の名前と紹介文は表示されない[0m
[32m        自分のユーザ編集画面へのリンクは存在しない[0m
    他人のユーザ情報編集画面
[31m      遷移できず、自分のユーザ詳細画面にリダイレクトされる (FAILED - 83)[0m
  グリッドシステムのテスト: container, row, col-md-〇を正しく使えている
[31m    ユーザ一覧画面 (FAILED - 84)[0m
[32m    ユーザ詳細画面[0m
[31m    投稿一覧画面 (FAILED - 85)[0m
[32m    投稿詳細画面[0m
  アイコンのテスト
    トップ画面
[32m      本のアイコンが表示される[0m
    アバウト画面
[31m      本のアイコンが表示される (FAILED - 86)[0m
    ヘッダー: ログインしていない場合
[32m      Homeリンクのアイコンが表示される[0m
[32m      Aboutリンクのアイコンが表示される[0m
[32m      Sign upリンクのアイコンが表示される[0m
[32m      Log inリンクのアイコンが表示される[0m
    ヘッダー: ログインしている場合
[32m      Homeリンクのアイコンが表示される[0m
[31m      Usersリンクのアイコンが表示される (FAILED - 87)[0m
[31m      Booksリンクのアイコンが表示される (FAILED - 88)[0m
[31m      Log outリンクのアイコンが表示される (FAILED - 89)[0m
    サイドバー
[31m      ユーザ一覧画面でレンチアイコンが表示される (FAILED - 90)[0m
[32m      ユーザ詳細画面でレンチアイコンが表示される[0m
[31m      投稿一覧画面でレンチアイコンが表示される (FAILED - 91)[0m
[32m      投稿詳細画面でレンチアイコンが表示される[0m

Failures:

  1) [STEP1] ユーザログイン前のテスト ユーザログイン ログイン成功のテスト ログイン後のリダイレクト先が、ログインしたユーザの詳細画面になっている
     [31mFailure/Error: expect(current_path).to eq '/users/' + user.id.to_s[0m
     [31m[0m
     [31m  expected: "/users/1"[0m
     [31m       got: "/users/sign_in"[0m
     [31m[0m
     [31m  (compared using ==)[0m
     [36m# ./spec/system/01_before_login_spec.rb:193:in `block (4 levels) in <main>'[0m

  2) [STEP1] ユーザログイン前のテスト ヘッダーのテスト: ログインしている場合 ヘッダーの表示を確認 Usersリンクが表示される: 左上から3番目のリンクが「Users」である
     [31mFailure/Error: expect(users_link).to match(/Users/)[0m
     [31m[0m
     [31m  expected "\n                    About\n" to match /Users/[0m
     [31m  Diff:[0m[0m
     [31m  [0m[34m@@ -1,2 +1,3 @@[0m
     [31m  [0m[31m-/Users/[0m
     [31m  [0m[32m+[0m
     [31m  [0m[32m+                    About[0m
     [31m  [0m[0m
     [36m# ./spec/system/01_before_login_spec.rb:231:in `block (4 levels) in <main>'[0m

  3) [STEP1] ユーザログイン前のテスト ヘッダーのテスト: ログインしている場合 ヘッダーの表示を確認 Booksリンクが表示される: 左上から4番目のリンクが「Books」である
     [31mFailure/Error: expect(books_link).to match(/Books/)[0m
     [31m[0m
     [31m  expected "\n                    Sign up\n" to match /Books/[0m
     [31m  Diff:[0m[0m
     [31m  [0m[34m@@ -1,2 +1,3 @@[0m
     [31m  [0m[31m-/Books/[0m
     [31m  [0m[32m+[0m
     [31m  [0m[32m+                    Sign up[0m
     [31m  [0m[0m
     [36m# ./spec/system/01_before_login_spec.rb:235:in `block (4 levels) in <main>'[0m

  4) [STEP1] ユーザログイン前のテスト ヘッダーのテスト: ログインしている場合 ヘッダーの表示を確認 Log outリンクが表示される: 左上から5番目のリンクが「Log out」である
     [31mFailure/Error: expect(logout_link).to match(/Log out/)[0m
     [31m[0m
     [31m  expected "\n                    Log in\n" to match /Log out/[0m
     [31m  Diff:[0m[0m
     [31m  [0m[34m@@ -1,2 +1,3 @@[0m
     [31m  [0m[31m-/Log out/[0m
     [31m  [0m[32m+[0m
     [31m  [0m[32m+                    Log in[0m
     [31m  [0m[0m
     [36m# ./spec/system/01_before_login_spec.rb:239:in `block (4 levels) in <main>'[0m

  5) [STEP1] ユーザログイン前のテスト ユーザログアウトのテスト ログアウト機能のテスト ログアウト後のリダイレクト先が、トップになっている
     [31mFailure/Error: expect(current_path).to eq '/'[0m
     [31m[0m
     [31m  expected: "/"[0m
     [31m       got: "/users/sign_in"[0m
     [31m[0m
     [31m  (compared using ==)[0m
     [36m# ./spec/system/01_before_login_spec.rb:262:in `block (4 levels) in <main>'[0m

  6) [STEP2] ユーザログイン後のテスト ヘッダーのテスト: ログインしている場合 リンクの内容を確認: ※logoutは『ユーザログアウトのテスト』でテスト済みになります。 Homeを押すと、自分のユーザ詳細画面に遷移する
     [31mFailure/Error: is_expected.to eq '/users/' + user.id.to_s[0m
     [31m[0m
     [31m  expected: "/users/2"[0m
     [31m       got: "/"[0m
     [31m[0m
     [31m  (compared using ==)[0m
     [36m# ./spec/system/02_after_login_spec.rb:24:in `block (4 levels) in <main>'[0m

  7) [STEP2] ユーザログイン後のテスト ヘッダーのテスト: ログインしている場合 リンクの内容を確認: ※logoutは『ユーザログアウトのテスト』でテスト済みになります。 Usersを押すと、ユーザ一覧画面に遷移する
     [31mFailure/Error: is_expected.to eq '/users'[0m
     [31m[0m
     [31m  expected: "/users"[0m
     [31m       got: "/home/about"[0m
     [31m[0m
     [31m  (compared using ==)[0m
     [36m# ./spec/system/02_after_login_spec.rb:30:in `block (4 levels) in <main>'[0m

  8) [STEP2] ユーザログイン後のテスト ヘッダーのテスト: ログインしている場合 リンクの内容を確認: ※logoutは『ユーザログアウトのテスト』でテスト済みになります。 Booksを押すと、投稿一覧画面に遷移する
     [31mFailure/Error: click_link books_link[0m
     [31m[0m
     [31mCapybara::Ambiguous:[0m
     [31m  Ambiguous match, found 2 elements matching visible link "Sign up"[0m
     [36m# ./spec/system/02_after_login_spec.rb:35:in `block (4 levels) in <main>'[0m

  9) [STEP2] ユーザログイン後のテスト 投稿一覧画面のテスト 表示内容の確認 URLが正しい
     [31mFailure/Error: <%= image_tag user.get_profile_image(63,63) %>[0m
     [31m[0m
     [31mActionView::Template::Error:[0m
     [31m  undefined method `get_profile_image' for nil:NilClass[0m
     [36m# ./app/views/users/_userinfo.html.erb:2:in `_app_views_users__userinfo_html_erb__450729502_731918847840'[0m
     [36m# ./app/views/books/index.html.erb:4:in `_app_views_books_index_html_erb__545916391_731834802220'[0m
     [36m# ./spec/system/02_after_login_spec.rb:43:in `block (3 levels) in <main>'[0m
     [36m# ------------------[0m
     [36m# --- Caused by: ---[0m
     [36m# NoMethodError:[0m
     [36m#   undefined method `get_profile_image' for nil:NilClass[0m
     [36m#   ./app/views/users/_userinfo.html.erb:2:in `_app_views_users__userinfo_html_erb__450729502_731918847840'[0m

  10) [STEP2] ユーザログイン後のテスト 投稿一覧画面のテスト 表示内容の確認 自分と他人の画像のリンク先が正しい
      [31mFailure/Error: <%= image_tag user.get_profile_image(63,63) %>[0m
      [31m[0m
      [31mActionView::Template::Error:[0m
      [31m  undefined method `get_profile_image' for nil:NilClass[0m
      [36m# ./app/views/users/_userinfo.html.erb:2:in `_app_views_users__userinfo_html_erb__450729502_731918847840'[0m
      [36m# ./app/views/books/index.html.erb:4:in `_app_views_books_index_html_erb__545916391_731834802220'[0m
      [36m# ./spec/system/02_after_login_spec.rb:43:in `block (3 levels) in <main>'[0m
      [36m# ------------------[0m
      [36m# --- Caused by: ---[0m
      [36m# NoMethodError:[0m
      [36m#   undefined method `get_profile_image' for nil:NilClass[0m
      [36m#   ./app/views/users/_userinfo.html.erb:2:in `_app_views_users__userinfo_html_erb__450729502_731918847840'[0m

  11) [STEP2] ユーザログイン後のテスト 投稿一覧画面のテスト 表示内容の確認 自分の投稿と他人の投稿のタイトルのリンク先がそれぞれ正しい
      [31mFailure/Error: <%= image_tag user.get_profile_image(63,63) %>[0m
      [31m[0m
      [31mActionView::Template::Error:[0m
      [31m  undefined method `get_profile_image' for nil:NilClass[0m
      [36m# ./app/views/users/_userinfo.html.erb:2:in `_app_views_users__userinfo_html_erb__450729502_731918847840'[0m
      [36m# ./app/views/books/index.html.erb:4:in `_app_views_books_index_html_erb__545916391_731834802220'[0m
      [36m# ./spec/system/02_after_login_spec.rb:43:in `block (3 levels) in <main>'[0m
      [36m# ------------------[0m
      [36m# --- Caused by: ---[0m
      [36m# NoMethodError:[0m
      [36m#   undefined method `get_profile_image' for nil:NilClass[0m
      [36m#   ./app/views/users/_userinfo.html.erb:2:in `_app_views_users__userinfo_html_erb__450729502_731918847840'[0m

  12) [STEP2] ユーザログイン後のテスト 投稿一覧画面のテスト 表示内容の確認 自分の投稿と他人の投稿のオピニオンが表示される
      [31mFailure/Error: <%= image_tag user.get_profile_image(63,63) %>[0m
      [31m[0m
      [31mActionView::Template::Error:[0m
      [31m  undefined method `get_profile_image' for nil:NilClass[0m
      [36m# ./app/views/users/_userinfo.html.erb:2:in `_app_views_users__userinfo_html_erb__450729502_731918847840'[0m
      [36m# ./app/views/books/index.html.erb:4:in `_app_views_books_index_html_erb__545916391_731834802220'[0m
      [36m# ./spec/system/02_after_login_spec.rb:43:in `block (3 levels) in <main>'[0m
      [36m# ------------------[0m
      [36m# --- Caused by: ---[0m
      [36m# NoMethodError:[0m
      [36m#   undefined method `get_profile_image' for nil:NilClass[0m
      [36m#   ./app/views/users/_userinfo.html.erb:2:in `_app_views_users__userinfo_html_erb__450729502_731918847840'[0m

  13) [STEP2] ユーザログイン後のテスト 投稿一覧画面のテスト サイドバーの確認 自分の名前と紹介文が表示される
      [31mFailure/Error: <%= image_tag user.get_profile_image(63,63) %>[0m
      [31m[0m
      [31mActionView::Template::Error:[0m
      [31m  undefined method `get_profile_image' for nil:NilClass[0m
      [36m# ./app/views/users/_userinfo.html.erb:2:in `_app_views_users__userinfo_html_erb__450729502_731918847840'[0m
      [36m# ./app/views/books/index.html.erb:4:in `_app_views_books_index_html_erb__545916391_731834802220'[0m
      [36m# ./spec/system/02_after_login_spec.rb:43:in `block (3 levels) in <main>'[0m
      [36m# ------------------[0m
      [36m# --- Caused by: ---[0m
      [36m# NoMethodError:[0m
      [36m#   undefined method `get_profile_image' for nil:NilClass[0m
      [36m#   ./app/views/users/_userinfo.html.erb:2:in `_app_views_users__userinfo_html_erb__450729502_731918847840'[0m

  14) [STEP2] ユーザログイン後のテスト 投稿一覧画面のテスト サイドバーの確認 自分のユーザ編集画面へのリンクが存在する
      [31mFailure/Error: <%= image_tag user.get_profile_image(63,63) %>[0m
      [31m[0m
      [31mActionView::Template::Error:[0m
      [31m  undefined method `get_profile_image' for nil:NilClass[0m
      [36m# ./app/views/users/_userinfo.html.erb:2:in `_app_views_users__userinfo_html_erb__450729502_731918847840'[0m
      [36m# ./app/views/books/index.html.erb:4:in `_app_views_books_index_html_erb__545916391_731834802220'[0m
      [36m# ./spec/system/02_after_login_spec.rb:43:in `block (3 levels) in <main>'[0m
      [36m# ------------------[0m
      [36m# --- Caused by: ---[0m
      [36m# NoMethodError:[0m
      [36m#   undefined method `get_profile_image' for nil:NilClass[0m
      [36m#   ./app/views/users/_userinfo.html.erb:2:in `_app_views_users__userinfo_html_erb__450729502_731918847840'[0m

  15) [STEP2] ユーザログイン後のテスト 投稿一覧画面のテスト サイドバーの確認 「New book」と表示される
      [31mFailure/Error: <%= image_tag user.get_profile_image(63,63) %>[0m
      [31m[0m
      [31mActionView::Template::Error:[0m
      [31m  undefined method `get_profile_image' for nil:NilClass[0m
      [36m# ./app/views/users/_userinfo.html.erb:2:in `_app_views_users__userinfo_html_erb__450729502_731918847840'[0m
      [36m# ./app/views/books/index.html.erb:4:in `_app_views_books_index_html_erb__545916391_731834802220'[0m
      [36m# ./spec/system/02_after_login_spec.rb:43:in `block (3 levels) in <main>'[0m
      [36m# ------------------[0m
      [36m# --- Caused by: ---[0m
      [36m# NoMethodError:[0m
      [36m#   undefined method `get_profile_image' for nil:NilClass[0m
      [36m#   ./app/views/users/_userinfo.html.erb:2:in `_app_views_users__userinfo_html_erb__450729502_731918847840'[0m

  16) [STEP2] ユーザログイン後のテスト 投稿一覧画面のテスト サイドバーの確認 titleフォームが表示される
      [31mFailure/Error: <%= image_tag user.get_profile_image(63,63) %>[0m
      [31m[0m
      [31mActionView::Template::Error:[0m
      [31m  undefined method `get_profile_image' for nil:NilClass[0m
      [36m# ./app/views/users/_userinfo.html.erb:2:in `_app_views_users__userinfo_html_erb__450729502_731918847840'[0m
      [36m# ./app/views/books/index.html.erb:4:in `_app_views_books_index_html_erb__545916391_731834802220'[0m
      [36m# ./spec/system/02_after_login_spec.rb:43:in `block (3 levels) in <main>'[0m
      [36m# ------------------[0m
      [36m# --- Caused by: ---[0m
      [36m# NoMethodError:[0m
      [36m#   undefined method `get_profile_image' for nil:NilClass[0m
      [36m#   ./app/views/users/_userinfo.html.erb:2:in `_app_views_users__userinfo_html_erb__450729502_731918847840'[0m

  17) [STEP2] ユーザログイン後のテスト 投稿一覧画面のテスト サイドバーの確認 titleフォームに値が入っていない
      [31mFailure/Error: <%= image_tag user.get_profile_image(63,63) %>[0m
      [31m[0m
      [31mActionView::Template::Error:[0m
      [31m  undefined method `get_profile_image' for nil:NilClass[0m
      [36m# ./app/views/users/_userinfo.html.erb:2:in `_app_views_users__userinfo_html_erb__450729502_731918847840'[0m
      [36m# ./app/views/books/index.html.erb:4:in `_app_views_books_index_html_erb__545916391_731834802220'[0m
      [36m# ./spec/system/02_after_login_spec.rb:43:in `block (3 levels) in <main>'[0m
      [36m# ------------------[0m
      [36m# --- Caused by: ---[0m
      [36m# NoMethodError:[0m
      [36m#   undefined method `get_profile_image' for nil:NilClass[0m
      [36m#   ./app/views/users/_userinfo.html.erb:2:in `_app_views_users__userinfo_html_erb__450729502_731918847840'[0m

  18) [STEP2] ユーザログイン後のテスト 投稿一覧画面のテスト サイドバーの確認 opinionフォームが表示される
      [31mFailure/Error: <%= image_tag user.get_profile_image(63,63) %>[0m
      [31m[0m
      [31mActionView::Template::Error:[0m
      [31m  undefined method `get_profile_image' for nil:NilClass[0m
      [36m# ./app/views/users/_userinfo.html.erb:2:in `_app_views_users__userinfo_html_erb__450729502_731918847840'[0m
      [36m# ./app/views/books/index.html.erb:4:in `_app_views_books_index_html_erb__545916391_731834802220'[0m
      [36m# ./spec/system/02_after_login_spec.rb:43:in `block (3 levels) in <main>'[0m
      [36m# ------------------[0m
      [36m# --- Caused by: ---[0m
      [36m# NoMethodError:[0m
      [36m#   undefined method `get_profile_image' for nil:NilClass[0m
      [36m#   ./app/views/users/_userinfo.html.erb:2:in `_app_views_users__userinfo_html_erb__450729502_731918847840'[0m

  19) [STEP2] ユーザログイン後のテスト 投稿一覧画面のテスト サイドバーの確認 opinionフォームに値が入っていない
      [31mFailure/Error: <%= image_tag user.get_profile_image(63,63) %>[0m
      [31m[0m
      [31mActionView::Template::Error:[0m
      [31m  undefined method `get_profile_image' for nil:NilClass[0m
      [36m# ./app/views/users/_userinfo.html.erb:2:in `_app_views_users__userinfo_html_erb__450729502_731918847840'[0m
      [36m# ./app/views/books/index.html.erb:4:in `_app_views_books_index_html_erb__545916391_731834802220'[0m
      [36m# ./spec/system/02_after_login_spec.rb:43:in `block (3 levels) in <main>'[0m
      [36m# ------------------[0m
      [36m# --- Caused by: ---[0m
      [36m# NoMethodError:[0m
      [36m#   undefined method `get_profile_image' for nil:NilClass[0m
      [36m#   ./app/views/users/_userinfo.html.erb:2:in `_app_views_users__userinfo_html_erb__450729502_731918847840'[0m

  20) [STEP2] ユーザログイン後のテスト 投稿一覧画面のテスト サイドバーの確認 Create Bookボタンが表示される
      [31mFailure/Error: <%= image_tag user.get_profile_image(63,63) %>[0m
      [31m[0m
      [31mActionView::Template::Error:[0m
      [31m  undefined method `get_profile_image' for nil:NilClass[0m
      [36m# ./app/views/users/_userinfo.html.erb:2:in `_app_views_users__userinfo_html_erb__450729502_731918847840'[0m
      [36m# ./app/views/books/index.html.erb:4:in `_app_views_books_index_html_erb__545916391_731834802220'[0m
      [36m# ./spec/system/02_after_login_spec.rb:43:in `block (3 levels) in <main>'[0m
      [36m# ------------------[0m
      [36m# --- Caused by: ---[0m
      [36m# NoMethodError:[0m
      [36m#   undefined method `get_profile_image' for nil:NilClass[0m
      [36m#   ./app/views/users/_userinfo.html.erb:2:in `_app_views_users__userinfo_html_erb__450729502_731918847840'[0m

  21) [STEP2] ユーザログイン後のテスト 投稿一覧画面のテスト 投稿成功のテスト 自分の新しい投稿が正しく保存される
      [31mFailure/Error: <%= image_tag user.get_profile_image(63,63) %>[0m
      [31m[0m
      [31mActionView::Template::Error:[0m
      [31m  undefined method `get_profile_image' for nil:NilClass[0m
      [36m# ./app/views/users/_userinfo.html.erb:2:in `_app_views_users__userinfo_html_erb__450729502_731918847840'[0m
      [36m# ./app/views/books/index.html.erb:4:in `_app_views_books_index_html_erb__545916391_731834802220'[0m
      [36m# ./spec/system/02_after_login_spec.rb:43:in `block (3 levels) in <main>'[0m
      [36m# ------------------[0m
      [36m# --- Caused by: ---[0m
      [36m# NoMethodError:[0m
      [36m#   undefined method `get_profile_image' for nil:NilClass[0m
      [36m#   ./app/views/users/_userinfo.html.erb:2:in `_app_views_users__userinfo_html_erb__450729502_731918847840'[0m

  22) [STEP2] ユーザログイン後のテスト 投稿一覧画面のテスト 投稿成功のテスト リダイレクト先が、保存できた投稿の詳細画面になっている
      [31mFailure/Error: <%= image_tag user.get_profile_image(63,63) %>[0m
      [31m[0m
      [31mActionView::Template::Error:[0m
      [31m  undefined method `get_profile_image' for nil:NilClass[0m
      [36m# ./app/views/users/_userinfo.html.erb:2:in `_app_views_users__userinfo_html_erb__450729502_731918847840'[0m
      [36m# ./app/views/books/index.html.erb:4:in `_app_views_books_index_html_erb__545916391_731834802220'[0m
      [36m# ./spec/system/02_after_login_spec.rb:43:in `block (3 levels) in <main>'[0m
      [36m# ------------------[0m
      [36m# --- Caused by: ---[0m
      [36m# NoMethodError:[0m
      [36m#   undefined method `get_profile_image' for nil:NilClass[0m
      [36m#   ./app/views/users/_userinfo.html.erb:2:in `_app_views_users__userinfo_html_erb__450729502_731918847840'[0m

  23) [STEP2] ユーザログイン後のテスト 自分の投稿詳細画面のテスト 表示内容の確認 投稿の編集リンクが表示される
      [31mFailure/Error: expect(page).to have_link 'Edit', href: edit_book_path(book)[0m
      [31m  expected to find link "Edit" with href "/books/1/edit" but there were no matches[0m
      [36m# ./spec/system/02_after_login_spec.rb:130:in `block (4 levels) in <main>'[0m

  24) [STEP2] ユーザログイン後のテスト 自分の投稿詳細画面のテスト 表示内容の確認 投稿の削除リンクが表示される
      [31mFailure/Error: expect(page).to have_link 'Destroy', href: book_path(book)[0m
      [31m  expected to find link "Destroy" with href "/books/1" but there were no matches[0m
      [36m# ./spec/system/02_after_login_spec.rb:133:in `block (4 levels) in <main>'[0m

  25) [STEP2] ユーザログイン後のテスト 自分の投稿詳細画面のテスト 投稿成功のテスト 自分の新しい投稿が正しく保存される
      [31mFailure/Error: @book.user_id = current_user.id[0m
      [31m[0m
      [31mNoMethodError:[0m
      [31m  undefined method `id' for nil:NilClass[0m
      [36m# ./app/controllers/books_controller.rb:29:in `create'[0m
      [36m# ./spec/system/02_after_login_spec.rb:172:in `block (5 levels) in <main>'[0m
      [36m# ./spec/system/02_after_login_spec.rb:172:in `block (4 levels) in <main>'[0m

  26) [STEP2] ユーザログイン後のテスト 自分の投稿詳細画面のテスト 編集リンクのテスト 編集画面に遷移する
      [31mFailure/Error: click_link 'Edit'[0m
      [31m[0m
      [31mCapybara::ElementNotFound:[0m
      [31m  Unable to find link "Edit"[0m
      [36m# ./spec/system/02_after_login_spec.rb:178:in `block (4 levels) in <main>'[0m

  27) [STEP2] ユーザログイン後のテスト 自分の投稿詳細画面のテスト 削除リンクのテスト application.html.erbにjavascript_pack_tagを含んでいる
      [31mFailure/Error: click_link 'Destroy'[0m
      [31m[0m
      [31mCapybara::ElementNotFound:[0m
      [31m  Unable to find link "Destroy"[0m
      [36m# ./spec/system/02_after_login_spec.rb:196:in `block (4 levels) in <main>'[0m

  28) [STEP2] ユーザログイン後のテスト 自分の投稿詳細画面のテスト 削除リンクのテスト 正しく削除される
      [31mFailure/Error: click_link 'Destroy'[0m
      [31m[0m
      [31mCapybara::ElementNotFound:[0m
      [31m  Unable to find link "Destroy"[0m
      [36m# ./spec/system/02_after_login_spec.rb:196:in `block (4 levels) in <main>'[0m

  29) [STEP2] ユーザログイン後のテスト 自分の投稿詳細画面のテスト 削除リンクのテスト リダイレクト先が、投稿一覧画面になっている
      [31mFailure/Error: click_link 'Destroy'[0m
      [31m[0m
      [31mCapybara::ElementNotFound:[0m
      [31m  Unable to find link "Destroy"[0m
      [36m# ./spec/system/02_after_login_spec.rb:196:in `block (4 levels) in <main>'[0m

  30) [STEP2] ユーザログイン後のテスト 自分の投稿編集画面のテスト 表示の確認 URLが正しい
      [31mFailure/Error: if @book.user_id!=current_user.id[0m
      [31m[0m
      [31mNoMethodError:[0m
      [31m  undefined method `id' for nil:NilClass[0m
      [36m# ./app/controllers/books_controller.rb:16:in `edit'[0m
      [36m# ./spec/system/02_after_login_spec.rb:209:in `block (3 levels) in <main>'[0m

  31) [STEP2] ユーザログイン後のテスト 自分の投稿編集画面のテスト 表示の確認 「Editing Book」と表示される
      [31mFailure/Error: if @book.user_id!=current_user.id[0m
      [31m[0m
      [31mNoMethodError:[0m
      [31m  undefined method `id' for nil:NilClass[0m
      [36m# ./app/controllers/books_controller.rb:16:in `edit'[0m
      [36m# ./spec/system/02_after_login_spec.rb:209:in `block (3 levels) in <main>'[0m

  32) [STEP2] ユーザログイン後のテスト 自分の投稿編集画面のテスト 表示の確認 title編集フォームが表示される
      [31mFailure/Error: if @book.user_id!=current_user.id[0m
      [31m[0m
      [31mNoMethodError:[0m
      [31m  undefined method `id' for nil:NilClass[0m
      [36m# ./app/controllers/books_controller.rb:16:in `edit'[0m
      [36m# ./spec/system/02_after_login_spec.rb:209:in `block (3 levels) in <main>'[0m

  33) [STEP2] ユーザログイン後のテスト 自分の投稿編集画面のテスト 表示の確認 opinion編集フォームが表示される
      [31mFailure/Error: if @book.user_id!=current_user.id[0m
      [31m[0m
      [31mNoMethodError:[0m
      [31m  undefined method `id' for nil:NilClass[0m
      [36m# ./app/controllers/books_controller.rb:16:in `edit'[0m
      [36m# ./spec/system/02_after_login_spec.rb:209:in `block (3 levels) in <main>'[0m

  34) [STEP2] ユーザログイン後のテスト 自分の投稿編集画面のテスト 表示の確認 Update Bookボタンが表示される
      [31mFailure/Error: if @book.user_id!=current_user.id[0m
      [31m[0m
      [31mNoMethodError:[0m
      [31m  undefined method `id' for nil:NilClass[0m
      [36m# ./app/controllers/books_controller.rb:16:in `edit'[0m
      [36m# ./spec/system/02_after_login_spec.rb:209:in `block (3 levels) in <main>'[0m

  35) [STEP2] ユーザログイン後のテスト 自分の投稿編集画面のテスト 表示の確認 Showリンクが表示される
      [31mFailure/Error: if @book.user_id!=current_user.id[0m
      [31m[0m
      [31mNoMethodError:[0m
      [31m  undefined method `id' for nil:NilClass[0m
      [36m# ./app/controllers/books_controller.rb:16:in `edit'[0m
      [36m# ./spec/system/02_after_login_spec.rb:209:in `block (3 levels) in <main>'[0m

  36) [STEP2] ユーザログイン後のテスト 自分の投稿編集画面のテスト 表示の確認 Backリンクが表示される
      [31mFailure/Error: if @book.user_id!=current_user.id[0m
      [31m[0m
      [31mNoMethodError:[0m
      [31m  undefined method `id' for nil:NilClass[0m
      [36m# ./app/controllers/books_controller.rb:16:in `edit'[0m
      [36m# ./spec/system/02_after_login_spec.rb:209:in `block (3 levels) in <main>'[0m

  37) [STEP2] ユーザログイン後のテスト 自分の投稿編集画面のテスト 編集成功のテスト titleが正しく更新される
      [31mFailure/Error: if @book.user_id!=current_user.id[0m
      [31m[0m
      [31mNoMethodError:[0m
      [31m  undefined method `id' for nil:NilClass[0m
      [36m# ./app/controllers/books_controller.rb:16:in `edit'[0m
      [36m# ./spec/system/02_after_login_spec.rb:209:in `block (3 levels) in <main>'[0m

  38) [STEP2] ユーザログイン後のテスト 自分の投稿編集画面のテスト 編集成功のテスト bodyが正しく更新される
      [31mFailure/Error: if @book.user_id!=current_user.id[0m
      [31m[0m
      [31mNoMethodError:[0m
      [31m  undefined method `id' for nil:NilClass[0m
      [36m# ./app/controllers/books_controller.rb:16:in `edit'[0m
      [36m# ./spec/system/02_after_login_spec.rb:209:in `block (3 levels) in <main>'[0m

  39) [STEP2] ユーザログイン後のテスト 自分の投稿編集画面のテスト 編集成功のテスト リダイレクト先が、更新した投稿の詳細画面になっている
      [31mFailure/Error: if @book.user_id!=current_user.id[0m
      [31m[0m
      [31mNoMethodError:[0m
      [31m  undefined method `id' for nil:NilClass[0m
      [36m# ./app/controllers/books_controller.rb:16:in `edit'[0m
      [36m# ./spec/system/02_after_login_spec.rb:209:in `block (3 levels) in <main>'[0m

  40) [STEP2] ユーザログイン後のテスト ユーザ一覧画面のテスト 表示内容の確認 URLが正しい
      [31mFailure/Error: <%= image_tag user.get_profile_image(63,63) %>[0m
      [31m[0m
      [31mActionView::Template::Error:[0m
      [31m  undefined method `get_profile_image' for nil:NilClass[0m
      [36m# ./app/views/users/_userinfo.html.erb:2:in `_app_views_users__userinfo_html_erb__450729502_731918847840'[0m
      [36m# ./app/views/users/index.html.erb:4:in `_app_views_users_index_html_erb__338785836_731923603660'[0m
      [36m# ./spec/system/02_after_login_spec.rb:260:in `block (3 levels) in <main>'[0m
      [36m# ------------------[0m
      [36m# --- Caused by: ---[0m
      [36m# NoMethodError:[0m
      [36m#   undefined method `get_profile_image' for nil:NilClass[0m
      [36m#   ./app/views/users/_userinfo.html.erb:2:in `_app_views_users__userinfo_html_erb__450729502_731918847840'[0m

  41) [STEP2] ユーザログイン後のテスト ユーザ一覧画面のテスト 表示内容の確認 自分と他人の画像が表示される: fallbackの画像がサイドバーの1つ＋一覧(2人)の2つの計3つ存在する
      [31mFailure/Error: <%= image_tag user.get_profile_image(63,63) %>[0m
      [31m[0m
      [31mActionView::Template::Error:[0m
      [31m  undefined method `get_profile_image' for nil:NilClass[0m
      [36m# ./app/views/users/_userinfo.html.erb:2:in `_app_views_users__userinfo_html_erb__450729502_731918847840'[0m
      [36m# ./app/views/users/index.html.erb:4:in `_app_views_users_index_html_erb__338785836_731923603660'[0m
      [36m# ./spec/system/02_after_login_spec.rb:260:in `block (3 levels) in <main>'[0m
      [36m# ------------------[0m
      [36m# --- Caused by: ---[0m
      [36m# NoMethodError:[0m
      [36m#   undefined method `get_profile_image' for nil:NilClass[0m
      [36m#   ./app/views/users/_userinfo.html.erb:2:in `_app_views_users__userinfo_html_erb__450729502_731918847840'[0m

  42) [STEP2] ユーザログイン後のテスト ユーザ一覧画面のテスト 表示内容の確認 自分と他人の名前がそれぞれ表示される
      [31mFailure/Error: <%= image_tag user.get_profile_image(63,63) %>[0m
      [31m[0m
      [31mActionView::Template::Error:[0m
      [31m  undefined method `get_profile_image' for nil:NilClass[0m
      [36m# ./app/views/users/_userinfo.html.erb:2:in `_app_views_users__userinfo_html_erb__450729502_731918847840'[0m
      [36m# ./app/views/users/index.html.erb:4:in `_app_views_users_index_html_erb__338785836_731923603660'[0m
      [36m# ./spec/system/02_after_login_spec.rb:260:in `block (3 levels) in <main>'[0m
      [36m# ------------------[0m
      [36m# --- Caused by: ---[0m
      [36m# NoMethodError:[0m
      [36m#   undefined method `get_profile_image' for nil:NilClass[0m
      [36m#   ./app/views/users/_userinfo.html.erb:2:in `_app_views_users__userinfo_html_erb__450729502_731918847840'[0m

  43) [STEP2] ユーザログイン後のテスト ユーザ一覧画面のテスト 表示内容の確認 自分と他人のshowリンクがそれぞれ表示される
      [31mFailure/Error: <%= image_tag user.get_profile_image(63,63) %>[0m
      [31m[0m
      [31mActionView::Template::Error:[0m
      [31m  undefined method `get_profile_image' for nil:NilClass[0m
      [36m# ./app/views/users/_userinfo.html.erb:2:in `_app_views_users__userinfo_html_erb__450729502_731918847840'[0m
      [36m# ./app/views/users/index.html.erb:4:in `_app_views_users_index_html_erb__338785836_731923603660'[0m
      [36m# ./spec/system/02_after_login_spec.rb:260:in `block (3 levels) in <main>'[0m
      [36m# ------------------[0m
      [36m# --- Caused by: ---[0m
      [36m# NoMethodError:[0m
      [36m#   undefined method `get_profile_image' for nil:NilClass[0m
      [36m#   ./app/views/users/_userinfo.html.erb:2:in `_app_views_users__userinfo_html_erb__450729502_731918847840'[0m

  44) [STEP2] ユーザログイン後のテスト ユーザ一覧画面のテスト サイドバーの確認 自分の名前と紹介文が表示される
      [31mFailure/Error: <%= image_tag user.get_profile_image(63,63) %>[0m
      [31m[0m
      [31mActionView::Template::Error:[0m
      [31m  undefined method `get_profile_image' for nil:NilClass[0m
      [36m# ./app/views/users/_userinfo.html.erb:2:in `_app_views_users__userinfo_html_erb__450729502_731918847840'[0m
      [36m# ./app/views/users/index.html.erb:4:in `_app_views_users_index_html_erb__338785836_731923603660'[0m
      [36m# ./spec/system/02_after_login_spec.rb:260:in `block (3 levels) in <main>'[0m
      [36m# ------------------[0m
      [36m# --- Caused by: ---[0m
      [36m# NoMethodError:[0m
      [36m#   undefined method `get_profile_image' for nil:NilClass[0m
      [36m#   ./app/views/users/_userinfo.html.erb:2:in `_app_views_users__userinfo_html_erb__450729502_731918847840'[0m

  45) [STEP2] ユーザログイン後のテスト ユーザ一覧画面のテスト サイドバーの確認 自分のユーザ編集画面へのリンクが存在する
      [31mFailure/Error: <%= image_tag user.get_profile_image(63,63) %>[0m
      [31m[0m
      [31mActionView::Template::Error:[0m
      [31m  undefined method `get_profile_image' for nil:NilClass[0m
      [36m# ./app/views/users/_userinfo.html.erb:2:in `_app_views_users__userinfo_html_erb__450729502_731918847840'[0m
      [36m# ./app/views/users/index.html.erb:4:in `_app_views_users_index_html_erb__338785836_731923603660'[0m
      [36m# ./spec/system/02_after_login_spec.rb:260:in `block (3 levels) in <main>'[0m
      [36m# ------------------[0m
      [36m# --- Caused by: ---[0m
      [36m# NoMethodError:[0m
      [36m#   undefined method `get_profile_image' for nil:NilClass[0m
      [36m#   ./app/views/users/_userinfo.html.erb:2:in `_app_views_users__userinfo_html_erb__450729502_731918847840'[0m

  46) [STEP2] ユーザログイン後のテスト ユーザ一覧画面のテスト サイドバーの確認 「New book」と表示される
      [31mFailure/Error: <%= image_tag user.get_profile_image(63,63) %>[0m
      [31m[0m
      [31mActionView::Template::Error:[0m
      [31m  undefined method `get_profile_image' for nil:NilClass[0m
      [36m# ./app/views/users/_userinfo.html.erb:2:in `_app_views_users__userinfo_html_erb__450729502_731918847840'[0m
      [36m# ./app/views/users/index.html.erb:4:in `_app_views_users_index_html_erb__338785836_731923603660'[0m
      [36m# ./spec/system/02_after_login_spec.rb:260:in `block (3 levels) in <main>'[0m
      [36m# ------------------[0m
      [36m# --- Caused by: ---[0m
      [36m# NoMethodError:[0m
      [36m#   undefined method `get_profile_image' for nil:NilClass[0m
      [36m#   ./app/views/users/_userinfo.html.erb:2:in `_app_views_users__userinfo_html_erb__450729502_731918847840'[0m

  47) [STEP2] ユーザログイン後のテスト ユーザ一覧画面のテスト サイドバーの確認 titleフォームが表示される
      [31mFailure/Error: <%= image_tag user.get_profile_image(63,63) %>[0m
      [31m[0m
      [31mActionView::Template::Error:[0m
      [31m  undefined method `get_profile_image' for nil:NilClass[0m
      [36m# ./app/views/users/_userinfo.html.erb:2:in `_app_views_users__userinfo_html_erb__450729502_731918847840'[0m
      [36m# ./app/views/users/index.html.erb:4:in `_app_views_users_index_html_erb__338785836_731923603660'[0m
      [36m# ./spec/system/02_after_login_spec.rb:260:in `block (3 levels) in <main>'[0m
      [36m# ------------------[0m
      [36m# --- Caused by: ---[0m
      [36m# NoMethodError:[0m
      [36m#   undefined method `get_profile_image' for nil:NilClass[0m
      [36m#   ./app/views/users/_userinfo.html.erb:2:in `_app_views_users__userinfo_html_erb__450729502_731918847840'[0m

  48) [STEP2] ユーザログイン後のテスト ユーザ一覧画面のテスト サイドバーの確認 titleフォームに値が入っていない
      [31mFailure/Error: <%= image_tag user.get_profile_image(63,63) %>[0m
      [31m[0m
      [31mActionView::Template::Error:[0m
      [31m  undefined method `get_profile_image' for nil:NilClass[0m
      [36m# ./app/views/users/_userinfo.html.erb:2:in `_app_views_users__userinfo_html_erb__450729502_731918847840'[0m
      [36m# ./app/views/users/index.html.erb:4:in `_app_views_users_index_html_erb__338785836_731923603660'[0m
      [36m# ./spec/system/02_after_login_spec.rb:260:in `block (3 levels) in <main>'[0m
      [36m# ------------------[0m
      [36m# --- Caused by: ---[0m
      [36m# NoMethodError:[0m
      [36m#   undefined method `get_profile_image' for nil:NilClass[0m
      [36m#   ./app/views/users/_userinfo.html.erb:2:in `_app_views_users__userinfo_html_erb__450729502_731918847840'[0m

  49) [STEP2] ユーザログイン後のテスト ユーザ一覧画面のテスト サイドバーの確認 opinionフォームが表示される
      [31mFailure/Error: <%= image_tag user.get_profile_image(63,63) %>[0m
      [31m[0m
      [31mActionView::Template::Error:[0m
      [31m  undefined method `get_profile_image' for nil:NilClass[0m
      [36m# ./app/views/users/_userinfo.html.erb:2:in `_app_views_users__userinfo_html_erb__450729502_731918847840'[0m
      [36m# ./app/views/users/index.html.erb:4:in `_app_views_users_index_html_erb__338785836_731923603660'[0m
      [36m# ./spec/system/02_after_login_spec.rb:260:in `block (3 levels) in <main>'[0m
      [36m# ------------------[0m
      [36m# --- Caused by: ---[0m
      [36m# NoMethodError:[0m
      [36m#   undefined method `get_profile_image' for nil:NilClass[0m
      [36m#   ./app/views/users/_userinfo.html.erb:2:in `_app_views_users__userinfo_html_erb__450729502_731918847840'[0m

  50) [STEP2] ユーザログイン後のテスト ユーザ一覧画面のテスト サイドバーの確認 opinionフォームに値が入っていない
      [31mFailure/Error: <%= image_tag user.get_profile_image(63,63) %>[0m
      [31m[0m
      [31mActionView::Template::Error:[0m
      [31m  undefined method `get_profile_image' for nil:NilClass[0m
      [36m# ./app/views/users/_userinfo.html.erb:2:in `_app_views_users__userinfo_html_erb__450729502_731918847840'[0m
      [36m# ./app/views/users/index.html.erb:4:in `_app_views_users_index_html_erb__338785836_731923603660'[0m
      [36m# ./spec/system/02_after_login_spec.rb:260:in `block (3 levels) in <main>'[0m
      [36m# ------------------[0m
      [36m# --- Caused by: ---[0m
      [36m# NoMethodError:[0m
      [36m#   undefined method `get_profile_image' for nil:NilClass[0m
      [36m#   ./app/views/users/_userinfo.html.erb:2:in `_app_views_users__userinfo_html_erb__450729502_731918847840'[0m

  51) [STEP2] ユーザログイン後のテスト ユーザ一覧画面のテスト サイドバーの確認 Create Bookボタンが表示される
      [31mFailure/Error: <%= image_tag user.get_profile_image(63,63) %>[0m
      [31m[0m
      [31mActionView::Template::Error:[0m
      [31m  undefined method `get_profile_image' for nil:NilClass[0m
      [36m# ./app/views/users/_userinfo.html.erb:2:in `_app_views_users__userinfo_html_erb__450729502_731918847840'[0m
      [36m# ./app/views/users/index.html.erb:4:in `_app_views_users_index_html_erb__338785836_731923603660'[0m
      [36m# ./spec/system/02_after_login_spec.rb:260:in `block (3 levels) in <main>'[0m
      [36m# ------------------[0m
      [36m# --- Caused by: ---[0m
      [36m# NoMethodError:[0m
      [36m#   undefined method `get_profile_image' for nil:NilClass[0m
      [36m#   ./app/views/users/_userinfo.html.erb:2:in `_app_views_users__userinfo_html_erb__450729502_731918847840'[0m

  52) [STEP2] ユーザログイン後のテスト 自分のユーザ情報編集画面のテスト 表示の確認 URLが正しい
      [31mFailure/Error: if @user.id!=current_user.id[0m
      [31m[0m
      [31mNoMethodError:[0m
      [31m  undefined method `id' for nil:NilClass[0m
      [36m# ./app/controllers/users_controller.rb:25:in `edit'[0m
      [36m# ./spec/system/02_after_login_spec.rb:365:in `block (3 levels) in <main>'[0m

  53) [STEP2] ユーザログイン後のテスト 自分のユーザ情報編集画面のテスト 表示の確認 名前編集フォームに自分の名前が表示される
      [31mFailure/Error: if @user.id!=current_user.id[0m
      [31m[0m
      [31mNoMethodError:[0m
      [31m  undefined method `id' for nil:NilClass[0m
      [36m# ./app/controllers/users_controller.rb:25:in `edit'[0m
      [36m# ./spec/system/02_after_login_spec.rb:365:in `block (3 levels) in <main>'[0m

  54) [STEP2] ユーザログイン後のテスト 自分のユーザ情報編集画面のテスト 表示の確認 画像編集フォームが表示される
      [31mFailure/Error: if @user.id!=current_user.id[0m
      [31m[0m
      [31mNoMethodError:[0m
      [31m  undefined method `id' for nil:NilClass[0m
      [36m# ./app/controllers/users_controller.rb:25:in `edit'[0m
      [36m# ./spec/system/02_after_login_spec.rb:365:in `block (3 levels) in <main>'[0m

  55) [STEP2] ユーザログイン後のテスト 自分のユーザ情報編集画面のテスト 表示の確認 自己紹介編集フォームに自分の自己紹介文が表示される
      [31mFailure/Error: if @user.id!=current_user.id[0m
      [31m[0m
      [31mNoMethodError:[0m
      [31m  undefined method `id' for nil:NilClass[0m
      [36m# ./app/controllers/users_controller.rb:25:in `edit'[0m
      [36m# ./spec/system/02_after_login_spec.rb:365:in `block (3 levels) in <main>'[0m

  56) [STEP2] ユーザログイン後のテスト 自分のユーザ情報編集画面のテスト 表示の確認 Update Userボタンが表示される
      [31mFailure/Error: if @user.id!=current_user.id[0m
      [31m[0m
      [31mNoMethodError:[0m
      [31m  undefined method `id' for nil:NilClass[0m
      [36m# ./app/controllers/users_controller.rb:25:in `edit'[0m
      [36m# ./spec/system/02_after_login_spec.rb:365:in `block (3 levels) in <main>'[0m

  57) [STEP2] ユーザログイン後のテスト 自分のユーザ情報編集画面のテスト 更新成功のテスト nameが正しく更新される
      [31mFailure/Error: if @user.id!=current_user.id[0m
      [31m[0m
      [31mNoMethodError:[0m
      [31m  undefined method `id' for nil:NilClass[0m
      [36m# ./app/controllers/users_controller.rb:25:in `edit'[0m
      [36m# ./spec/system/02_after_login_spec.rb:365:in `block (3 levels) in <main>'[0m

  58) [STEP2] ユーザログイン後のテスト 自分のユーザ情報編集画面のテスト 更新成功のテスト introductionが正しく更新される
      [31mFailure/Error: if @user.id!=current_user.id[0m
      [31m[0m
      [31mNoMethodError:[0m
      [31m  undefined method `id' for nil:NilClass[0m
      [36m# ./app/controllers/users_controller.rb:25:in `edit'[0m
      [36m# ./spec/system/02_after_login_spec.rb:365:in `block (3 levels) in <main>'[0m

  59) [STEP2] ユーザログイン後のテスト 自分のユーザ情報編集画面のテスト 更新成功のテスト リダイレクト先が、自分のユーザ詳細画面になっている
      [31mFailure/Error: if @user.id!=current_user.id[0m
      [31m[0m
      [31mNoMethodError:[0m
      [31m  undefined method `id' for nil:NilClass[0m
      [36m# ./app/controllers/users_controller.rb:25:in `edit'[0m
      [36m# ./spec/system/02_after_login_spec.rb:365:in `block (3 levels) in <main>'[0m

  60) [STEP3] 仕上げのテスト サクセスメッセージのテスト ユーザ新規登録成功時
      [31mFailure/Error: is_expected.to have_content 'successfully'[0m
      [31m  expected to find text "successfully" in "Bookers\nHome Users Books Log out\nUser info\nname 2f6u4ncox introduction\nNew book\nTitle\nOpinion\nBooks\nTitle Opinion\nCopyRight Infratop.inc"[0m
      [36m# ./spec/system/03_finishing_touches_spec.rb:19:in `block (3 levels) in <main>'[0m

  61) [STEP3] 仕上げのテスト サクセスメッセージのテスト ユーザログイン成功時
      [31mFailure/Error: is_expected.to have_content 'successfully'[0m
      [31m  expected to find text "successfully" in "Bookers\nHome About Sign up Log in\nLog in\nName\nPassword\nRemember me\nSign up Forgot your password?\nCopyRight Infratop.inc"[0m
      [36m# ./spec/system/03_finishing_touches_spec.rb:26:in `block (3 levels) in <main>'[0m

  62) [STEP3] 仕上げのテスト サクセスメッセージのテスト ユーザログアウト成功時
      [31mFailure/Error: is_expected.to have_content 'successfully'[0m
      [31m  expected to find text "successfully" in "Bookers\nHome About Sign up Log in\nLog in\nName\nPassword\nRemember me\nSign up Forgot your password?\nCopyRight Infratop.inc"[0m
      [36m# ./spec/system/03_finishing_touches_spec.rb:36:in `block (3 levels) in <main>'[0m

  63) [STEP3] 仕上げのテスト サクセスメッセージのテスト ユーザのプロフィール情報更新成功時
      [31mFailure/Error: if @user.id!=current_user.id[0m
      [31m[0m
      [31mNoMethodError:[0m
      [31m  undefined method `id' for nil:NilClass[0m
      [36m# ./app/controllers/users_controller.rb:25:in `edit'[0m
      [36m# ./spec/system/03_finishing_touches_spec.rb:43:in `block (3 levels) in <main>'[0m

  64) [STEP3] 仕上げのテスト サクセスメッセージのテスト 投稿データの新規投稿成功時: 投稿一覧画面から行います。
      [31mFailure/Error: <%= image_tag user.get_profile_image(63,63) %>[0m
      [31m[0m
      [31mActionView::Template::Error:[0m
      [31m  undefined method `get_profile_image' for nil:NilClass[0m
      [36m# ./app/views/users/_userinfo.html.erb:2:in `_app_views_users__userinfo_html_erb__450729502_731918847840'[0m
      [36m# ./app/views/books/index.html.erb:4:in `_app_views_books_index_html_erb__545916391_731834802220'[0m
      [36m# ./spec/system/03_finishing_touches_spec.rb:52:in `block (3 levels) in <main>'[0m
      [36m# ------------------[0m
      [36m# --- Caused by: ---[0m
      [36m# NoMethodError:[0m
      [36m#   undefined method `get_profile_image' for nil:NilClass[0m
      [36m#   ./app/views/users/_userinfo.html.erb:2:in `_app_views_users__userinfo_html_erb__450729502_731918847840'[0m

  65) [STEP3] 仕上げのテスト サクセスメッセージのテスト 投稿データの更新成功時
      [31mFailure/Error: if @book.user_id!=current_user.id[0m
      [31m[0m
      [31mNoMethodError:[0m
      [31m  undefined method `id' for nil:NilClass[0m
      [36m# ./app/controllers/books_controller.rb:16:in `edit'[0m
      [36m# ./spec/system/03_finishing_touches_spec.rb:63:in `block (3 levels) in <main>'[0m

  66) [STEP3] 仕上げのテスト 処理失敗時のテスト ユーザのプロフィール情報編集失敗: nameを1文字にする 更新されない
      [31mFailure/Error: if @user.id!=current_user.id[0m
      [31m[0m
      [31mNoMethodError:[0m
      [31m  undefined method `id' for nil:NilClass[0m
      [36m# ./app/controllers/users_controller.rb:25:in `edit'[0m
      [36m# ./spec/system/03_finishing_touches_spec.rb:104:in `block (4 levels) in <main>'[0m

  67) [STEP3] 仕上げのテスト 処理失敗時のテスト ユーザのプロフィール情報編集失敗: nameを1文字にする ユーザ編集画面を表示しており、フォームの内容が正しい
      [31mFailure/Error: if @user.id!=current_user.id[0m
      [31m[0m
      [31mNoMethodError:[0m
      [31m  undefined method `id' for nil:NilClass[0m
      [36m# ./app/controllers/users_controller.rb:25:in `edit'[0m
      [36m# ./spec/system/03_finishing_touches_spec.rb:104:in `block (4 levels) in <main>'[0m

  68) [STEP3] 仕上げのテスト 処理失敗時のテスト ユーザのプロフィール情報編集失敗: nameを1文字にする バリデーションエラーが表示される
      [31mFailure/Error: if @user.id!=current_user.id[0m
      [31m[0m
      [31mNoMethodError:[0m
      [31m  undefined method `id' for nil:NilClass[0m
      [36m# ./app/controllers/users_controller.rb:25:in `edit'[0m
      [36m# ./spec/system/03_finishing_touches_spec.rb:104:in `block (4 levels) in <main>'[0m

  69) [STEP3] 仕上げのテスト 処理失敗時のテスト 投稿データの新規投稿失敗: 投稿一覧画面から行い、titleを空にする 投稿が保存されない
      [31mFailure/Error: <%= image_tag user.get_profile_image(63,63) %>[0m
      [31m[0m
      [31mActionView::Template::Error:[0m
      [31m  undefined method `get_profile_image' for nil:NilClass[0m
      [36m# ./app/views/users/_userinfo.html.erb:2:in `_app_views_users__userinfo_html_erb__450729502_731918847840'[0m
      [36m# ./app/views/books/index.html.erb:4:in `_app_views_books_index_html_erb__545916391_731834802220'[0m
      [36m# ./spec/system/03_finishing_touches_spec.rb:126:in `block (4 levels) in <main>'[0m
      [36m# ------------------[0m
      [36m# --- Caused by: ---[0m
      [36m# NoMethodError:[0m
      [36m#   undefined method `get_profile_image' for nil:NilClass[0m
      [36m#   ./app/views/users/_userinfo.html.erb:2:in `_app_views_users__userinfo_html_erb__450729502_731918847840'[0m

  70) [STEP3] 仕上げのテスト 処理失敗時のテスト 投稿データの新規投稿失敗: 投稿一覧画面から行い、titleを空にする 投稿一覧画面を表示している
      [31mFailure/Error: <%= image_tag user.get_profile_image(63,63) %>[0m
      [31m[0m
      [31mActionView::Template::Error:[0m
      [31m  undefined method `get_profile_image' for nil:NilClass[0m
      [36m# ./app/views/users/_userinfo.html.erb:2:in `_app_views_users__userinfo_html_erb__450729502_731918847840'[0m
      [36m# ./app/views/books/index.html.erb:4:in `_app_views_books_index_html_erb__545916391_731834802220'[0m
      [36m# ./spec/system/03_finishing_touches_spec.rb:126:in `block (4 levels) in <main>'[0m
      [36m# ------------------[0m
      [36m# --- Caused by: ---[0m
      [36m# NoMethodError:[0m
      [36m#   undefined method `get_profile_image' for nil:NilClass[0m
      [36m#   ./app/views/users/_userinfo.html.erb:2:in `_app_views_users__userinfo_html_erb__450729502_731918847840'[0m

  71) [STEP3] 仕上げのテスト 処理失敗時のテスト 投稿データの新規投稿失敗: 投稿一覧画面から行い、titleを空にする 新規投稿フォームの内容が正しい
      [31mFailure/Error: <%= image_tag user.get_profile_image(63,63) %>[0m
      [31m[0m
      [31mActionView::Template::Error:[0m
      [31m  undefined method `get_profile_image' for nil:NilClass[0m
      [36m# ./app/views/users/_userinfo.html.erb:2:in `_app_views_users__userinfo_html_erb__450729502_731918847840'[0m
      [36m# ./app/views/books/index.html.erb:4:in `_app_views_books_index_html_erb__545916391_731834802220'[0m
      [36m# ./spec/system/03_finishing_touches_spec.rb:126:in `block (4 levels) in <main>'[0m
      [36m# ------------------[0m
      [36m# --- Caused by: ---[0m
      [36m# NoMethodError:[0m
      [36m#   undefined method `get_profile_image' for nil:NilClass[0m
      [36m#   ./app/views/users/_userinfo.html.erb:2:in `_app_views_users__userinfo_html_erb__450729502_731918847840'[0m

  72) [STEP3] 仕上げのテスト 処理失敗時のテスト 投稿データの新規投稿失敗: 投稿一覧画面から行い、titleを空にする バリデーションエラーが表示される
      [31mFailure/Error: <%= image_tag user.get_profile_image(63,63) %>[0m
      [31m[0m
      [31mActionView::Template::Error:[0m
      [31m  undefined method `get_profile_image' for nil:NilClass[0m
      [36m# ./app/views/users/_userinfo.html.erb:2:in `_app_views_users__userinfo_html_erb__450729502_731918847840'[0m
      [36m# ./app/views/books/index.html.erb:4:in `_app_views_books_index_html_erb__545916391_731834802220'[0m
      [36m# ./spec/system/03_finishing_touches_spec.rb:126:in `block (4 levels) in <main>'[0m
      [36m# ------------------[0m
      [36m# --- Caused by: ---[0m
      [36m# NoMethodError:[0m
      [36m#   undefined method `get_profile_image' for nil:NilClass[0m
      [36m#   ./app/views/users/_userinfo.html.erb:2:in `_app_views_users__userinfo_html_erb__450729502_731918847840'[0m

  73) [STEP3] 仕上げのテスト 処理失敗時のテスト 投稿データの更新失敗: titleを空にする 投稿が更新されない
      [31mFailure/Error: if @book.user_id!=current_user.id[0m
      [31m[0m
      [31mNoMethodError:[0m
      [31m  undefined method `id' for nil:NilClass[0m
      [36m# ./app/controllers/books_controller.rb:16:in `edit'[0m
      [36m# ./spec/system/03_finishing_touches_spec.rb:156:in `block (4 levels) in <main>'[0m

  74) [STEP3] 仕上げのテスト 処理失敗時のテスト 投稿データの更新失敗: titleを空にする 投稿編集画面を表示しており、フォームの内容が正しい
      [31mFailure/Error: if @book.user_id!=current_user.id[0m
      [31m[0m
      [31mNoMethodError:[0m
      [31m  undefined method `id' for nil:NilClass[0m
      [36m# ./app/controllers/books_controller.rb:16:in `edit'[0m
      [36m# ./spec/system/03_finishing_touches_spec.rb:156:in `block (4 levels) in <main>'[0m

  75) [STEP3] 仕上げのテスト 処理失敗時のテスト 投稿データの更新失敗: titleを空にする エラーメッセージが表示される
      [31mFailure/Error: if @book.user_id!=current_user.id[0m
      [31m[0m
      [31mNoMethodError:[0m
      [31m  undefined method `id' for nil:NilClass[0m
      [36m# ./app/controllers/books_controller.rb:16:in `edit'[0m
      [36m# ./spec/system/03_finishing_touches_spec.rb:156:in `block (4 levels) in <main>'[0m

  76) [STEP3] 仕上げのテスト ログインしていない場合のアクセス制限のテスト: アクセスできず、ログイン画面に遷移する ユーザ一覧画面
      [31mFailure/Error: <%= image_tag user.get_profile_image(63,63) %>[0m
      [31m[0m
      [31mActionView::Template::Error:[0m
      [31m  undefined method `get_profile_image' for nil:NilClass[0m
      [36m# ./app/views/users/_userinfo.html.erb:2:in `_app_views_users__userinfo_html_erb__450729502_731918847840'[0m
      [36m# ./app/views/users/index.html.erb:4:in `_app_views_users_index_html_erb__338785836_731923603660'[0m
      [36m# ./spec/system/03_finishing_touches_spec.rb:180:in `block (3 levels) in <main>'[0m
      [36m# ------------------[0m
      [36m# --- Caused by: ---[0m
      [36m# NoMethodError:[0m
      [36m#   undefined method `get_profile_image' for nil:NilClass[0m
      [36m#   ./app/views/users/_userinfo.html.erb:2:in `_app_views_users__userinfo_html_erb__450729502_731918847840'[0m

  77) [STEP3] 仕上げのテスト ログインしていない場合のアクセス制限のテスト: アクセスできず、ログイン画面に遷移する ユーザ詳細画面
      [31mFailure/Error: is_expected.to eq '/users/sign_in'[0m
      [31m[0m
      [31m  expected: "/users/sign_in"[0m
      [31m       got: "/users/2"[0m
      [31m[0m
      [31m  (compared using ==)[0m
      [36m# ./spec/system/03_finishing_touches_spec.rb:185:in `block (3 levels) in <main>'[0m

  78) [STEP3] 仕上げのテスト ログインしていない場合のアクセス制限のテスト: アクセスできず、ログイン画面に遷移する ユーザ情報編集画面
      [31mFailure/Error: if @user.id!=current_user.id[0m
      [31m[0m
      [31mNoMethodError:[0m
      [31m  undefined method `id' for nil:NilClass[0m
      [36m# ./app/controllers/users_controller.rb:25:in `edit'[0m
      [36m# ./spec/system/03_finishing_touches_spec.rb:188:in `block (3 levels) in <main>'[0m

  79) [STEP3] 仕上げのテスト ログインしていない場合のアクセス制限のテスト: アクセスできず、ログイン画面に遷移する 投稿一覧画面
      [31mFailure/Error: <%= image_tag user.get_profile_image(63,63) %>[0m
      [31m[0m
      [31mActionView::Template::Error:[0m
      [31m  undefined method `get_profile_image' for nil:NilClass[0m
      [36m# ./app/views/users/_userinfo.html.erb:2:in `_app_views_users__userinfo_html_erb__450729502_731918847840'[0m
      [36m# ./app/views/books/index.html.erb:4:in `_app_views_books_index_html_erb__545916391_731834802220'[0m
      [36m# ./spec/system/03_finishing_touches_spec.rb:192:in `block (3 levels) in <main>'[0m
      [36m# ------------------[0m
      [36m# --- Caused by: ---[0m
      [36m# NoMethodError:[0m
      [36m#   undefined method `get_profile_image' for nil:NilClass[0m
      [36m#   ./app/views/users/_userinfo.html.erb:2:in `_app_views_users__userinfo_html_erb__450729502_731918847840'[0m

  80) [STEP3] 仕上げのテスト ログインしていない場合のアクセス制限のテスト: アクセスできず、ログイン画面に遷移する 投稿詳細画面
      [31mFailure/Error: is_expected.to eq '/users/sign_in'[0m
      [31m[0m
      [31m  expected: "/users/sign_in"[0m
      [31m       got: "/books/1"[0m
      [31m[0m
      [31m  (compared using ==)[0m
      [36m# ./spec/system/03_finishing_touches_spec.rb:197:in `block (3 levels) in <main>'[0m

  81) [STEP3] 仕上げのテスト ログインしていない場合のアクセス制限のテスト: アクセスできず、ログイン画面に遷移する 投稿編集画面
      [31mFailure/Error: if @book.user_id!=current_user.id[0m
      [31m[0m
      [31mNoMethodError:[0m
      [31m  undefined method `id' for nil:NilClass[0m
      [36m# ./app/controllers/books_controller.rb:16:in `edit'[0m
      [36m# ./spec/system/03_finishing_touches_spec.rb:200:in `block (3 levels) in <main>'[0m

  82) [STEP3] 仕上げのテスト 他人の画面のテスト 他人の投稿編集画面 遷移できず、投稿一覧画面にリダイレクトされる
      [31mFailure/Error: if @book.user_id!=current_user.id[0m
      [31m[0m
      [31mNoMethodError:[0m
      [31m  undefined method `id' for nil:NilClass[0m
      [36m# ./app/controllers/books_controller.rb:16:in `edit'[0m
      [36m# ./spec/system/03_finishing_touches_spec.rb:262:in `block (4 levels) in <main>'[0m

  83) [STEP3] 仕上げのテスト 他人の画面のテスト 他人のユーザ情報編集画面 遷移できず、自分のユーザ詳細画面にリダイレクトされる
      [31mFailure/Error: if @user.id!=current_user.id[0m
      [31m[0m
      [31mNoMethodError:[0m
      [31m  undefined method `id' for nil:NilClass[0m
      [36m# ./app/controllers/users_controller.rb:25:in `edit'[0m
      [36m# ./spec/system/03_finishing_touches_spec.rb:311:in `block (4 levels) in <main>'[0m

  84) [STEP3] 仕上げのテスト グリッドシステムのテスト: container, row, col-md-〇を正しく使えている ユーザ一覧画面
      [31mFailure/Error: <%= image_tag user.get_profile_image(63,63) %>[0m
      [31m[0m
      [31mActionView::Template::Error:[0m
      [31m  undefined method `get_profile_image' for nil:NilClass[0m
      [36m# ./app/views/users/_userinfo.html.erb:2:in `_app_views_users__userinfo_html_erb__450729502_731918847840'[0m
      [36m# ./app/views/users/index.html.erb:4:in `_app_views_users_index_html_erb__338785836_731923603660'[0m
      [36m# ./spec/system/03_finishing_touches_spec.rb:328:in `block (3 levels) in <main>'[0m
      [36m# ------------------[0m
      [36m# --- Caused by: ---[0m
      [36m# NoMethodError:[0m
      [36m#   undefined method `get_profile_image' for nil:NilClass[0m
      [36m#   ./app/views/users/_userinfo.html.erb:2:in `_app_views_users__userinfo_html_erb__450729502_731918847840'[0m

  85) [STEP3] 仕上げのテスト グリッドシステムのテスト: container, row, col-md-〇を正しく使えている 投稿一覧画面
      [31mFailure/Error: <%= image_tag user.get_profile_image(63,63) %>[0m
      [31m[0m
      [31mActionView::Template::Error:[0m
      [31m  undefined method `get_profile_image' for nil:NilClass[0m
      [36m# ./app/views/users/_userinfo.html.erb:2:in `_app_views_users__userinfo_html_erb__450729502_731918847840'[0m
      [36m# ./app/views/books/index.html.erb:4:in `_app_views_books_index_html_erb__545916391_731834802220'[0m
      [36m# ./spec/system/03_finishing_touches_spec.rb:338:in `block (3 levels) in <main>'[0m
      [36m# ------------------[0m
      [36m# --- Caused by: ---[0m
      [36m# NoMethodError:[0m
      [36m#   undefined method `get_profile_image' for nil:NilClass[0m
      [36m#   ./app/views/users/_userinfo.html.erb:2:in `_app_views_users__userinfo_html_erb__450729502_731918847840'[0m

  86) [STEP3] 仕上げのテスト アイコンのテスト アバウト画面 本のアイコンが表示される
      [31mFailure/Error: is_expected.to have_selector '.fas.fa-book'[0m
      [31m  expected to find css ".fas.fa-book" but there were no matches[0m
      [36m# ./spec/system/03_finishing_touches_spec.rb:370:in `block (4 levels) in <main>'[0m

  87) [STEP3] 仕上げのテスト アイコンのテスト ヘッダー: ログインしている場合 Usersリンクのアイコンが表示される
      [31mFailure/Error: is_expected.to have_selector '.fas.fa-users'[0m
      [31m  expected to find css ".fas.fa-users" but there were no matches[0m
      [36m# ./spec/system/03_finishing_touches_spec.rb:409:in `block (4 levels) in <main>'[0m

  88) [STEP3] 仕上げのテスト アイコンのテスト ヘッダー: ログインしている場合 Booksリンクのアイコンが表示される
      [31mFailure/Error: is_expected.to have_selector '.fas.fa-book-open'[0m
      [31m  expected to find css ".fas.fa-book-open" but there were no matches[0m
      [36m# ./spec/system/03_finishing_touches_spec.rb:412:in `block (4 levels) in <main>'[0m

  89) [STEP3] 仕上げのテスト アイコンのテスト ヘッダー: ログインしている場合 Log outリンクのアイコンが表示される
      [31mFailure/Error: is_expected.to have_selector '.fas.fa-sign-out-alt'[0m
      [31m  expected to find css ".fas.fa-sign-out-alt" but there were no matches[0m
      [36m# ./spec/system/03_finishing_touches_spec.rb:415:in `block (4 levels) in <main>'[0m

  90) [STEP3] 仕上げのテスト アイコンのテスト サイドバー ユーザ一覧画面でレンチアイコンが表示される
      [31mFailure/Error: <%= image_tag user.get_profile_image(63,63) %>[0m
      [31m[0m
      [31mActionView::Template::Error:[0m
      [31m  undefined method `get_profile_image' for nil:NilClass[0m
      [36m# ./app/views/users/_userinfo.html.erb:2:in `_app_views_users__userinfo_html_erb__450729502_731918847840'[0m
      [36m# ./app/views/users/index.html.erb:4:in `_app_views_users_index_html_erb__338785836_731923603660'[0m
      [36m# ./spec/system/03_finishing_touches_spec.rb:430:in `block (4 levels) in <main>'[0m
      [36m# ------------------[0m
      [36m# --- Caused by: ---[0m
      [36m# NoMethodError:[0m
      [36m#   undefined method `get_profile_image' for nil:NilClass[0m
      [36m#   ./app/views/users/_userinfo.html.erb:2:in `_app_views_users__userinfo_html_erb__450729502_731918847840'[0m

  91) [STEP3] 仕上げのテスト アイコンのテスト サイドバー 投稿一覧画面でレンチアイコンが表示される
      [31mFailure/Error: <%= image_tag user.get_profile_image(63,63) %>[0m
      [31m[0m
      [31mActionView::Template::Error:[0m
      [31m  undefined method `get_profile_image' for nil:NilClass[0m
      [36m# ./app/views/users/_userinfo.html.erb:2:in `_app_views_users__userinfo_html_erb__450729502_731918847840'[0m
      [36m# ./app/views/books/index.html.erb:4:in `_app_views_books_index_html_erb__545916391_731834802220'[0m
      [36m# ./spec/system/03_finishing_touches_spec.rb:438:in `block (4 levels) in <main>'[0m
      [36m# ------------------[0m
      [36m# --- Caused by: ---[0m
      [36m# NoMethodError:[0m
      [36m#   undefined method `get_profile_image' for nil:NilClass[0m
      [36m#   ./app/views/users/_userinfo.html.erb:2:in `_app_views_users__userinfo_html_erb__450729502_731918847840'[0m

Finished in 15.81 seconds (files took 2.68 seconds to load)
[31m199 examples, 91 failures[0m

Failed examples:

[31mrspec ./spec/system/01_before_login_spec.rb:192[0m [36m# [STEP1] ユーザログイン前のテスト ユーザログイン ログイン成功のテスト ログイン後のリダイレクト先が、ログインしたユーザの詳細画面になっている[0m
[31mrspec ./spec/system/01_before_login_spec.rb:229[0m [36m# [STEP1] ユーザログイン前のテスト ヘッダーのテスト: ログインしている場合 ヘッダーの表示を確認 Usersリンクが表示される: 左上から3番目のリンクが「Users」である[0m
[31mrspec ./spec/system/01_before_login_spec.rb:233[0m [36m# [STEP1] ユーザログイン前のテスト ヘッダーのテスト: ログインしている場合 ヘッダーの表示を確認 Booksリンクが表示される: 左上から4番目のリンクが「Books」である[0m
[31mrspec ./spec/system/01_before_login_spec.rb:237[0m [36m# [STEP1] ユーザログイン前のテスト ヘッダーのテスト: ログインしている場合 ヘッダーの表示を確認 Log outリンクが表示される: 左上から5番目のリンクが「Log out」である[0m
[31mrspec ./spec/system/01_before_login_spec.rb:261[0m [36m# [STEP1] ユーザログイン前のテスト ユーザログアウトのテスト ログアウト機能のテスト ログアウト後のリダイレクト先が、トップになっている[0m
[31mrspec ./spec/system/02_after_login_spec.rb:20[0m [36m# [STEP2] ユーザログイン後のテスト ヘッダーのテスト: ログインしている場合 リンクの内容を確認: ※logoutは『ユーザログアウトのテスト』でテスト済みになります。 Homeを押すと、自分のユーザ詳細画面に遷移する[0m
[31mrspec ./spec/system/02_after_login_spec.rb:26[0m [36m# [STEP2] ユーザログイン後のテスト ヘッダーのテスト: ログインしている場合 リンクの内容を確認: ※logoutは『ユーザログアウトのテスト』でテスト済みになります。 Usersを押すと、ユーザ一覧画面に遷移する[0m
[31mrspec ./spec/system/02_after_login_spec.rb:32[0m [36m# [STEP2] ユーザログイン後のテスト ヘッダーのテスト: ログインしている場合 リンクの内容を確認: ※logoutは『ユーザログアウトのテスト』でテスト済みになります。 Booksを押すと、投稿一覧画面に遷移する[0m
[31mrspec ./spec/system/02_after_login_spec.rb:47[0m [36m# [STEP2] ユーザログイン後のテスト 投稿一覧画面のテスト 表示内容の確認 URLが正しい[0m
[31mrspec ./spec/system/02_after_login_spec.rb:50[0m [36m# [STEP2] ユーザログイン後のテスト 投稿一覧画面のテスト 表示内容の確認 自分と他人の画像のリンク先が正しい[0m
[31mrspec ./spec/system/02_after_login_spec.rb:54[0m [36m# [STEP2] ユーザログイン後のテスト 投稿一覧画面のテスト 表示内容の確認 自分の投稿と他人の投稿のタイトルのリンク先がそれぞれ正しい[0m
[31mrspec ./spec/system/02_after_login_spec.rb:58[0m [36m# [STEP2] ユーザログイン後のテスト 投稿一覧画面のテスト 表示内容の確認 自分の投稿と他人の投稿のオピニオンが表示される[0m
[31mrspec ./spec/system/02_after_login_spec.rb:65[0m [36m# [STEP2] ユーザログイン後のテスト 投稿一覧画面のテスト サイドバーの確認 自分の名前と紹介文が表示される[0m
[31mrspec ./spec/system/02_after_login_spec.rb:69[0m [36m# [STEP2] ユーザログイン後のテスト 投稿一覧画面のテスト サイドバーの確認 自分のユーザ編集画面へのリンクが存在する[0m
[31mrspec ./spec/system/02_after_login_spec.rb:72[0m [36m# [STEP2] ユーザログイン後のテスト 投稿一覧画面のテスト サイドバーの確認 「New book」と表示される[0m
[31mrspec ./spec/system/02_after_login_spec.rb:75[0m [36m# [STEP2] ユーザログイン後のテスト 投稿一覧画面のテスト サイドバーの確認 titleフォームが表示される[0m
[31mrspec ./spec/system/02_after_login_spec.rb:78[0m [36m# [STEP2] ユーザログイン後のテスト 投稿一覧画面のテスト サイドバーの確認 titleフォームに値が入っていない[0m
[31mrspec ./spec/system/02_after_login_spec.rb:81[0m [36m# [STEP2] ユーザログイン後のテスト 投稿一覧画面のテスト サイドバーの確認 opinionフォームが表示される[0m
[31mrspec ./spec/system/02_after_login_spec.rb:84[0m [36m# [STEP2] ユーザログイン後のテスト 投稿一覧画面のテスト サイドバーの確認 opinionフォームに値が入っていない[0m
[31mrspec ./spec/system/02_after_login_spec.rb:87[0m [36m# [STEP2] ユーザログイン後のテスト 投稿一覧画面のテスト サイドバーの確認 Create Bookボタンが表示される[0m
[31mrspec ./spec/system/02_after_login_spec.rb:98[0m [36m# [STEP2] ユーザログイン後のテスト 投稿一覧画面のテスト 投稿成功のテスト 自分の新しい投稿が正しく保存される[0m
[31mrspec ./spec/system/02_after_login_spec.rb:101[0m [36m# [STEP2] ユーザログイン後のテスト 投稿一覧画面のテスト 投稿成功のテスト リダイレクト先が、保存できた投稿の詳細画面になっている[0m
[31mrspec ./spec/system/02_after_login_spec.rb:129[0m [36m# [STEP2] ユーザログイン後のテスト 自分の投稿詳細画面のテスト 表示内容の確認 投稿の編集リンクが表示される[0m
[31mrspec ./spec/system/02_after_login_spec.rb:132[0m [36m# [STEP2] ユーザログイン後のテスト 自分の投稿詳細画面のテスト 表示内容の確認 投稿の削除リンクが表示される[0m
[31mrspec ./spec/system/02_after_login_spec.rb:171[0m [36m# [STEP2] ユーザログイン後のテスト 自分の投稿詳細画面のテスト 投稿成功のテスト 自分の新しい投稿が正しく保存される[0m
[31mrspec ./spec/system/02_after_login_spec.rb:177[0m [36m# [STEP2] ユーザログイン後のテスト 自分の投稿詳細画面のテスト 編集リンクのテスト 編集画面に遷移する[0m
[31mrspec ./spec/system/02_after_login_spec.rb:184[0m [36m# [STEP2] ユーザログイン後のテスト 自分の投稿詳細画面のテスト 削除リンクのテスト application.html.erbにjavascript_pack_tagを含んでいる[0m
[31mrspec ./spec/system/02_after_login_spec.rb:198[0m [36m# [STEP2] ユーザログイン後のテスト 自分の投稿詳細画面のテスト 削除リンクのテスト 正しく削除される[0m
[31mrspec ./spec/system/02_after_login_spec.rb:201[0m [36m# [STEP2] ユーザログイン後のテスト 自分の投稿詳細画面のテスト 削除リンクのテスト リダイレクト先が、投稿一覧画面になっている[0m
[31mrspec ./spec/system/02_after_login_spec.rb:213[0m [36m# [STEP2] ユーザログイン後のテスト 自分の投稿編集画面のテスト 表示の確認 URLが正しい[0m
[31mrspec ./spec/system/02_after_login_spec.rb:216[0m [36m# [STEP2] ユーザログイン後のテスト 自分の投稿編集画面のテスト 表示の確認 「Editing Book」と表示される[0m
[31mrspec ./spec/system/02_after_login_spec.rb:219[0m [36m# [STEP2] ユーザログイン後のテスト 自分の投稿編集画面のテスト 表示の確認 title編集フォームが表示される[0m
[31mrspec ./spec/system/02_after_login_spec.rb:222[0m [36m# [STEP2] ユーザログイン後のテスト 自分の投稿編集画面のテスト 表示の確認 opinion編集フォームが表示される[0m
[31mrspec ./spec/system/02_after_login_spec.rb:225[0m [36m# [STEP2] ユーザログイン後のテスト 自分の投稿編集画面のテスト 表示の確認 Update Bookボタンが表示される[0m
[31mrspec ./spec/system/02_after_login_spec.rb:228[0m [36m# [STEP2] ユーザログイン後のテスト 自分の投稿編集画面のテスト 表示の確認 Showリンクが表示される[0m
[31mrspec ./spec/system/02_after_login_spec.rb:231[0m [36m# [STEP2] ユーザログイン後のテスト 自分の投稿編集画面のテスト 表示の確認 Backリンクが表示される[0m
[31mrspec ./spec/system/02_after_login_spec.rb:245[0m [36m# [STEP2] ユーザログイン後のテスト 自分の投稿編集画面のテスト 編集成功のテスト titleが正しく更新される[0m
[31mrspec ./spec/system/02_after_login_spec.rb:248[0m [36m# [STEP2] ユーザログイン後のテスト 自分の投稿編集画面のテスト 編集成功のテスト bodyが正しく更新される[0m
[31mrspec ./spec/system/02_after_login_spec.rb:251[0m [36m# [STEP2] ユーザログイン後のテスト 自分の投稿編集画面のテスト 編集成功のテスト リダイレクト先が、更新した投稿の詳細画面になっている[0m
[31mrspec ./spec/system/02_after_login_spec.rb:264[0m [36m# [STEP2] ユーザログイン後のテスト ユーザ一覧画面のテスト 表示内容の確認 URLが正しい[0m
[31mrspec ./spec/system/02_after_login_spec.rb:267[0m [36m# [STEP2] ユーザログイン後のテスト ユーザ一覧画面のテスト 表示内容の確認 自分と他人の画像が表示される: fallbackの画像がサイドバーの1つ＋一覧(2人)の2つの計3つ存在する[0m
[31mrspec ./spec/system/02_after_login_spec.rb:270[0m [36m# [STEP2] ユーザログイン後のテスト ユーザ一覧画面のテスト 表示内容の確認 自分と他人の名前がそれぞれ表示される[0m
[31mrspec ./spec/system/02_after_login_spec.rb:274[0m [36m# [STEP2] ユーザログイン後のテスト ユーザ一覧画面のテスト 表示内容の確認 自分と他人のshowリンクがそれぞれ表示される[0m
[31mrspec ./spec/system/02_after_login_spec.rb:281[0m [36m# [STEP2] ユーザログイン後のテスト ユーザ一覧画面のテスト サイドバーの確認 自分の名前と紹介文が表示される[0m
[31mrspec ./spec/system/02_after_login_spec.rb:285[0m [36m# [STEP2] ユーザログイン後のテスト ユーザ一覧画面のテスト サイドバーの確認 自分のユーザ編集画面へのリンクが存在する[0m
[31mrspec ./spec/system/02_after_login_spec.rb:288[0m [36m# [STEP2] ユーザログイン後のテスト ユーザ一覧画面のテスト サイドバーの確認 「New book」と表示される[0m
[31mrspec ./spec/system/02_after_login_spec.rb:291[0m [36m# [STEP2] ユーザログイン後のテスト ユーザ一覧画面のテスト サイドバーの確認 titleフォームが表示される[0m
[31mrspec ./spec/system/02_after_login_spec.rb:294[0m [36m# [STEP2] ユーザログイン後のテスト ユーザ一覧画面のテスト サイドバーの確認 titleフォームに値が入っていない[0m
[31mrspec ./spec/system/02_after_login_spec.rb:297[0m [36m# [STEP2] ユーザログイン後のテスト ユーザ一覧画面のテスト サイドバーの確認 opinionフォームが表示される[0m
[31mrspec ./spec/system/02_after_login_spec.rb:300[0m [36m# [STEP2] ユーザログイン後のテスト ユーザ一覧画面のテスト サイドバーの確認 opinionフォームに値が入っていない[0m
[31mrspec ./spec/system/02_after_login_spec.rb:303[0m [36m# [STEP2] ユーザログイン後のテスト ユーザ一覧画面のテスト サイドバーの確認 Create Bookボタンが表示される[0m
[31mrspec ./spec/system/02_after_login_spec.rb:369[0m [36m# [STEP2] ユーザログイン後のテスト 自分のユーザ情報編集画面のテスト 表示の確認 URLが正しい[0m
[31mrspec ./spec/system/02_after_login_spec.rb:372[0m [36m# [STEP2] ユーザログイン後のテスト 自分のユーザ情報編集画面のテスト 表示の確認 名前編集フォームに自分の名前が表示される[0m
[31mrspec ./spec/system/02_after_login_spec.rb:375[0m [36m# [STEP2] ユーザログイン後のテスト 自分のユーザ情報編集画面のテスト 表示の確認 画像編集フォームが表示される[0m
[31mrspec ./spec/system/02_after_login_spec.rb:378[0m [36m# [STEP2] ユーザログイン後のテスト 自分のユーザ情報編集画面のテスト 表示の確認 自己紹介編集フォームに自分の自己紹介文が表示される[0m
[31mrspec ./spec/system/02_after_login_spec.rb:381[0m [36m# [STEP2] ユーザログイン後のテスト 自分のユーザ情報編集画面のテスト 表示の確認 Update Userボタンが表示される[0m
[31mrspec ./spec/system/02_after_login_spec.rb:397[0m [36m# [STEP2] ユーザログイン後のテスト 自分のユーザ情報編集画面のテスト 更新成功のテスト nameが正しく更新される[0m
[31mrspec ./spec/system/02_after_login_spec.rb:400[0m [36m# [STEP2] ユーザログイン後のテスト 自分のユーザ情報編集画面のテスト 更新成功のテスト introductionが正しく更新される[0m
[31mrspec ./spec/system/02_after_login_spec.rb:403[0m [36m# [STEP2] ユーザログイン後のテスト 自分のユーザ情報編集画面のテスト 更新成功のテスト リダイレクト先が、自分のユーザ詳細画面になっている[0m
[31mrspec ./spec/system/03_finishing_touches_spec.rb:12[0m [36m# [STEP3] 仕上げのテスト サクセスメッセージのテスト ユーザ新規登録成功時[0m
[31mrspec ./spec/system/03_finishing_touches_spec.rb:21[0m [36m# [STEP3] 仕上げのテスト サクセスメッセージのテスト ユーザログイン成功時[0m
[31mrspec ./spec/system/03_finishing_touches_spec.rb:28[0m [36m# [STEP3] 仕上げのテスト サクセスメッセージのテスト ユーザログアウト成功時[0m
[31mrspec ./spec/system/03_finishing_touches_spec.rb:38[0m [36m# [STEP3] 仕上げのテスト サクセスメッセージのテスト ユーザのプロフィール情報更新成功時[0m
[31mrspec ./spec/system/03_finishing_touches_spec.rb:47[0m [36m# [STEP3] 仕上げのテスト サクセスメッセージのテスト 投稿データの新規投稿成功時: 投稿一覧画面から行います。[0m
[31mrspec ./spec/system/03_finishing_touches_spec.rb:58[0m [36m# [STEP3] 仕上げのテスト サクセスメッセージのテスト 投稿データの更新成功時[0m
[31mrspec ./spec/system/03_finishing_touches_spec.rb:109[0m [36m# [STEP3] 仕上げのテスト 処理失敗時のテスト ユーザのプロフィール情報編集失敗: nameを1文字にする 更新されない[0m
[31mrspec ./spec/system/03_finishing_touches_spec.rb:112[0m [36m# [STEP3] 仕上げのテスト 処理失敗時のテスト ユーザのプロフィール情報編集失敗: nameを1文字にする ユーザ編集画面を表示しており、フォームの内容が正しい[0m
[31mrspec ./spec/system/03_finishing_touches_spec.rb:115[0m [36m# [STEP3] 仕上げのテスト 処理失敗時のテスト ユーザのプロフィール情報編集失敗: nameを1文字にする バリデーションエラーが表示される[0m
[31mrspec ./spec/system/03_finishing_touches_spec.rb:131[0m [36m# [STEP3] 仕上げのテスト 処理失敗時のテスト 投稿データの新規投稿失敗: 投稿一覧画面から行い、titleを空にする 投稿が保存されない[0m
[31mrspec ./spec/system/03_finishing_touches_spec.rb:134[0m [36m# [STEP3] 仕上げのテスト 処理失敗時のテスト 投稿データの新規投稿失敗: 投稿一覧画面から行い、titleを空にする 投稿一覧画面を表示している[0m
[31mrspec ./spec/system/03_finishing_touches_spec.rb:140[0m [36m# [STEP3] 仕上げのテスト 処理失敗時のテスト 投稿データの新規投稿失敗: 投稿一覧画面から行い、titleを空にする 新規投稿フォームの内容が正しい[0m
[31mrspec ./spec/system/03_finishing_touches_spec.rb:144[0m [36m# [STEP3] 仕上げのテスト 処理失敗時のテスト 投稿データの新規投稿失敗: 投稿一覧画面から行い、titleを空にする バリデーションエラーが表示される[0m
[31mrspec ./spec/system/03_finishing_touches_spec.rb:162[0m [36m# [STEP3] 仕上げのテスト 処理失敗時のテスト 投稿データの更新失敗: titleを空にする 投稿が更新されない[0m
[31mrspec ./spec/system/03_finishing_touches_spec.rb:165[0m [36m# [STEP3] 仕上げのテスト 処理失敗時のテスト 投稿データの更新失敗: titleを空にする 投稿編集画面を表示しており、フォームの内容が正しい[0m
[31mrspec ./spec/system/03_finishing_touches_spec.rb:170[0m [36m# [STEP3] 仕上げのテスト 処理失敗時のテスト 投稿データの更新失敗: titleを空にする エラーメッセージが表示される[0m
[31mrspec ./spec/system/03_finishing_touches_spec.rb:179[0m [36m# [STEP3] 仕上げのテスト ログインしていない場合のアクセス制限のテスト: アクセスできず、ログイン画面に遷移する ユーザ一覧画面[0m
[31mrspec ./spec/system/03_finishing_touches_spec.rb:183[0m [36m# [STEP3] 仕上げのテスト ログインしていない場合のアクセス制限のテスト: アクセスできず、ログイン画面に遷移する ユーザ詳細画面[0m
[31mrspec ./spec/system/03_finishing_touches_spec.rb:187[0m [36m# [STEP3] 仕上げのテスト ログインしていない場合のアクセス制限のテスト: アクセスできず、ログイン画面に遷移する ユーザ情報編集画面[0m
[31mrspec ./spec/system/03_finishing_touches_spec.rb:191[0m [36m# [STEP3] 仕上げのテスト ログインしていない場合のアクセス制限のテスト: アクセスできず、ログイン画面に遷移する 投稿一覧画面[0m
[31mrspec ./spec/system/03_finishing_touches_spec.rb:195[0m [36m# [STEP3] 仕上げのテスト ログインしていない場合のアクセス制限のテスト: アクセスできず、ログイン画面に遷移する 投稿詳細画面[0m
[31mrspec ./spec/system/03_finishing_touches_spec.rb:199[0m [36m# [STEP3] 仕上げのテスト ログインしていない場合のアクセス制限のテスト: アクセスできず、ログイン画面に遷移する 投稿編集画面[0m
[31mrspec ./spec/system/03_finishing_touches_spec.rb:261[0m [36m# [STEP3] 仕上げのテスト 他人の画面のテスト 他人の投稿編集画面 遷移できず、投稿一覧画面にリダイレクトされる[0m
[31mrspec ./spec/system/03_finishing_touches_spec.rb:310[0m [36m# [STEP3] 仕上げのテスト 他人の画面のテスト 他人のユーザ情報編集画面 遷移できず、自分のユーザ詳細画面にリダイレクトされる[0m
[31mrspec ./spec/system/03_finishing_touches_spec.rb:327[0m [36m# [STEP3] 仕上げのテスト グリッドシステムのテスト: container, row, col-md-〇を正しく使えている ユーザ一覧画面[0m
[31mrspec ./spec/system/03_finishing_touches_spec.rb:337[0m [36m# [STEP3] 仕上げのテスト グリッドシステムのテスト: container, row, col-md-〇を正しく使えている 投稿一覧画面[0m
[31mrspec ./spec/system/03_finishing_touches_spec.rb:369[0m [36m# [STEP3] 仕上げのテスト アイコンのテスト アバウト画面 本のアイコンが表示される[0m
[31mrspec ./spec/system/03_finishing_touches_spec.rb:408[0m [36m# [STEP3] 仕上げのテスト アイコンのテスト ヘッダー: ログインしている場合 Usersリンクのアイコンが表示される[0m
[31mrspec ./spec/system/03_finishing_touches_spec.rb:411[0m [36m# [STEP3] 仕上げのテスト アイコンのテスト ヘッダー: ログインしている場合 Booksリンクのアイコンが表示される[0m
[31mrspec ./spec/system/03_finishing_touches_spec.rb:414[0m [36m# [STEP3] 仕上げのテスト アイコンのテスト ヘッダー: ログインしている場合 Log outリンクのアイコンが表示される[0m
[31mrspec ./spec/system/03_finishing_touches_spec.rb:429[0m [36m# [STEP3] 仕上げのテスト アイコンのテスト サイドバー ユーザ一覧画面でレンチアイコンが表示される[0m
[31mrspec ./spec/system/03_finishing_touches_spec.rb:437[0m [36m# [STEP3] 仕上げのテスト アイコンのテスト サイドバー 投稿一覧画面でレンチアイコンが表示される[0m

